  [1m[36m (0.0ms)[0m  [1mselect sqlite_version(*)[0m
  [1m[35m (62.5ms)[0m  CREATE TABLE "schema_migrations" ("version" varchar(255) NOT NULL) 
  [1m[36m (0.0ms)[0m  [1mPRAGMA index_list("schema_migrations")[0m
  [1m[35m (62.5ms)[0m  CREATE UNIQUE INDEX "unique_schema_migrations" ON "schema_migrations" ("version")
  [1m[36m (0.0ms)[0m  [1mSELECT "schema_migrations"."version" FROM "schema_migrations" [0m
Migrating to CreateFestivals (20120811084252)
  [1m[35m (0.0ms)[0m  begin transaction
  [1m[36m (0.0ms)[0m  [1mCREATE TABLE "festivals" ("id" INTEGER PRIMARY KEY AUTOINCREMENT NOT NULL, "name" varchar(255), "details" varchar(255), "city" varchar(255), "period" varchar(255), "timings" varchar(255), "telePhone" varchar(255), "created_at" datetime NOT NULL, "updated_at" datetime NOT NULL) [0m
  [1m[35m (0.0ms)[0m  INSERT INTO "schema_migrations" ("version") VALUES ('20120811084252')
  [1m[36m (187.5ms)[0m  [1mcommit transaction[0m
Migrating to CreateUsers (20120811084342)
  [1m[35m (0.0ms)[0m  begin transaction
  [1m[36m (0.0ms)[0m  [1mCREATE TABLE "users" ("id" INTEGER PRIMARY KEY AUTOINCREMENT NOT NULL, "userName" varchar(255), "password" varchar(255), "email" varchar(255), "created_at" datetime NOT NULL, "updated_at" datetime NOT NULL) [0m
  [1m[35m (0.0ms)[0m  INSERT INTO "schema_migrations" ("version") VALUES ('20120811084342')
  [1m[36m (109.4ms)[0m  [1mcommit transaction[0m
  [1m[35m (0.0ms)[0m  select sqlite_version(*)
  [1m[36m (0.0ms)[0m  [1mSELECT "schema_migrations"."version" FROM "schema_migrations" [0m
  [1m[35m (0.0ms)[0m  PRAGMA index_list("festivals")
  [1m[36m (0.0ms)[0m  [1mPRAGMA index_list("users")[0m


Started GET "/festivals" for 127.0.0.1 at 2012-08-11 14:17:11 +0530
Processing by FestivalsController#index as HTML
  [1m[36mFestival Load (0.0ms)[0m  [1mSELECT "festivals".* FROM "festivals" [0m
  Rendered festivals/index.html.erb within layouts/application (78.1ms)
Compiled festivals.css  (156ms)  (pid 5828)
Compiled scaffolds.css  (78ms)  (pid 5828)
Compiled users.css  (62ms)  (pid 5828)
Compiled application.css  (968ms)  (pid 5828)
Compiled jquery.js  (15ms)  (pid 5828)
Compiled jquery_ujs.js  (0ms)  (pid 5828)
Compiled festivals.js  (1031ms)  (pid 5828)
Compiled users.js  (812ms)  (pid 5828)
Compiled application.js  (2781ms)  (pid 5828)
Completed 200 OK in 5125ms (Views: 5124.9ms | ActiveRecord: 0.0ms)


Started GET "/assets/application.css?body=1" for 127.0.0.1 at 2012-08-11 14:17:21 +0530
Served asset /application.css - 304 Not Modified (31ms)


Started GET "/assets/festivals.css?body=1" for 127.0.0.1 at 2012-08-11 14:17:21 +0530
Served asset /festivals.css - 304 Not Modified (0ms)


Started GET "/assets/scaffolds.css?body=1" for 127.0.0.1 at 2012-08-11 14:17:21 +0530
Served asset /scaffolds.css - 304 Not Modified (0ms)


Started GET "/assets/users.css?body=1" for 127.0.0.1 at 2012-08-11 14:17:21 +0530
Served asset /users.css - 304 Not Modified (15ms)


Started GET "/assets/jquery.js?body=1" for 127.0.0.1 at 2012-08-11 14:17:21 +0530
Served asset /jquery.js - 304 Not Modified (15ms)


Started GET "/assets/jquery_ujs.js?body=1" for 127.0.0.1 at 2012-08-11 14:17:22 +0530
Served asset /jquery_ujs.js - 304 Not Modified (78ms)


Started GET "/assets/festivals.js?body=1" for 127.0.0.1 at 2012-08-11 14:17:22 +0530
Served asset /festivals.js - 304 Not Modified (0ms)


Started GET "/assets/users.js?body=1" for 127.0.0.1 at 2012-08-11 14:17:22 +0530
Served asset /users.js - 304 Not Modified (15ms)


Started GET "/assets/application.js?body=1" for 127.0.0.1 at 2012-08-11 14:17:22 +0530
Served asset /application.js - 304 Not Modified (31ms)


Started GET "/festivals" for 127.0.0.1 at 2012-08-11 14:21:36 +0530
Processing by FestivalsController#index as HTML
  [1m[35mFestival Load (0.0ms)[0m  SELECT "festivals".* FROM "festivals" LIMIT 25 OFFSET 0
  Rendered festivals/index.html.erb within layouts/application (0.0ms)
Completed 200 OK in 31ms (Views: 15.6ms | ActiveRecord: 0.0ms)


Started GET "/assets/application.css?body=1" for 127.0.0.1 at 2012-08-11 14:21:36 +0530
Served asset /application.css - 304 Not Modified (0ms)


Started GET "/assets/festivals.css?body=1" for 127.0.0.1 at 2012-08-11 14:21:36 +0530
Served asset /festivals.css - 304 Not Modified (0ms)


Started GET "/assets/scaffolds.css?body=1" for 127.0.0.1 at 2012-08-11 14:21:36 +0530
Served asset /scaffolds.css - 304 Not Modified (0ms)


Started GET "/assets/users.css?body=1" for 127.0.0.1 at 2012-08-11 14:21:36 +0530
Served asset /users.css - 304 Not Modified (0ms)


Started GET "/assets/jquery.js?body=1" for 127.0.0.1 at 2012-08-11 14:21:36 +0530
Served asset /jquery.js - 304 Not Modified (0ms)


Started GET "/assets/jquery_ujs.js?body=1" for 127.0.0.1 at 2012-08-11 14:21:36 +0530
Served asset /jquery_ujs.js - 304 Not Modified (0ms)


Started GET "/assets/festivals.js?body=1" for 127.0.0.1 at 2012-08-11 14:21:36 +0530
Served asset /festivals.js - 304 Not Modified (0ms)


Started GET "/assets/users.js?body=1" for 127.0.0.1 at 2012-08-11 14:21:36 +0530
Served asset /users.js - 304 Not Modified (0ms)


Started GET "/assets/application.js?body=1" for 127.0.0.1 at 2012-08-11 14:21:36 +0530
Served asset /application.js - 304 Not Modified (0ms)


Started GET "/festivals" for 127.0.0.1 at 2012-08-11 14:23:48 +0530
Processing by FestivalsController#index as HTML
  [1m[36mFestival Load (0.0ms)[0m  [1mSELECT "festivals".* FROM "festivals" LIMIT 25 OFFSET 0[0m
  Rendered festivals/index.html.erb within layouts/application (0.0ms)
Completed 200 OK in 31ms (Views: 15.6ms | ActiveRecord: 0.0ms)


Started GET "/assets/application.css?body=1" for 127.0.0.1 at 2012-08-11 14:23:48 +0530
Served asset /application.css - 304 Not Modified (0ms)


Started GET "/assets/festivals.css?body=1" for 127.0.0.1 at 2012-08-11 14:23:48 +0530
Served asset /festivals.css - 304 Not Modified (0ms)


Started GET "/assets/users.css?body=1" for 127.0.0.1 at 2012-08-11 14:23:49 +0530
Served asset /users.css - 304 Not Modified (0ms)


Started GET "/assets/scaffolds.css?body=1" for 127.0.0.1 at 2012-08-11 14:23:49 +0530
Served asset /scaffolds.css - 304 Not Modified (0ms)


Started GET "/assets/jquery.js?body=1" for 127.0.0.1 at 2012-08-11 14:23:49 +0530
Served asset /jquery.js - 304 Not Modified (0ms)


Started GET "/assets/jquery_ujs.js?body=1" for 127.0.0.1 at 2012-08-11 14:23:49 +0530
Served asset /jquery_ujs.js - 304 Not Modified (0ms)


Started GET "/assets/festivals.js?body=1" for 127.0.0.1 at 2012-08-11 14:23:49 +0530
Served asset /festivals.js - 304 Not Modified (0ms)


Started GET "/assets/users.js?body=1" for 127.0.0.1 at 2012-08-11 14:23:49 +0530
Served asset /users.js - 304 Not Modified (0ms)


Started GET "/assets/application.js?body=1" for 127.0.0.1 at 2012-08-11 14:23:49 +0530
Served asset /application.js - 304 Not Modified (0ms)


Started GET "/" for 127.0.0.1 at 2012-08-11 14:23:51 +0530
Processing by UsersController#index as HTML
  [1m[35mUser Load (0.0ms)[0m  SELECT "users".* FROM "users" LIMIT 25 OFFSET 0
  Rendered users/index.html.erb within layouts/application (0.0ms)
Completed 200 OK in 31ms (Views: 15.6ms | ActiveRecord: 0.0ms)


Started GET "/assets/festivals.css?body=1" for 127.0.0.1 at 2012-08-11 14:23:52 +0530
Served asset /festivals.css - 304 Not Modified (0ms)


Started GET "/assets/users.css?body=1" for 127.0.0.1 at 2012-08-11 14:23:52 +0530
Served asset /users.css - 304 Not Modified (0ms)


Started GET "/assets/scaffolds.css?body=1" for 127.0.0.1 at 2012-08-11 14:23:52 +0530
Served asset /scaffolds.css - 304 Not Modified (0ms)


Started GET "/assets/application.css?body=1" for 127.0.0.1 at 2012-08-11 14:23:52 +0530
Served asset /application.css - 304 Not Modified (0ms)


Started GET "/assets/jquery.js?body=1" for 127.0.0.1 at 2012-08-11 14:23:52 +0530
Served asset /jquery.js - 304 Not Modified (0ms)


Started GET "/assets/jquery_ujs.js?body=1" for 127.0.0.1 at 2012-08-11 14:23:52 +0530
Served asset /jquery_ujs.js - 304 Not Modified (0ms)


Started GET "/assets/users.js?body=1" for 127.0.0.1 at 2012-08-11 14:23:52 +0530
Served asset /users.js - 304 Not Modified (0ms)


Started GET "/assets/festivals.js?body=1" for 127.0.0.1 at 2012-08-11 14:23:52 +0530
Served asset /festivals.js - 304 Not Modified (0ms)


Started GET "/assets/application.js?body=1" for 127.0.0.1 at 2012-08-11 14:23:52 +0530
Served asset /application.js - 304 Not Modified (0ms)


Started GET "/users" for 127.0.0.1 at 2012-08-11 14:23:59 +0530
Processing by UsersController#index as HTML
  [1m[36mUser Load (0.0ms)[0m  [1mSELECT "users".* FROM "users" LIMIT 25 OFFSET 0[0m
  Rendered users/index.html.erb within layouts/application (0.0ms)
Completed 200 OK in 16ms (Views: 15.6ms | ActiveRecord: 0.0ms)


Started GET "/assets/application.css?body=1" for 127.0.0.1 at 2012-08-11 14:23:59 +0530
Served asset /application.css - 304 Not Modified (0ms)


Started GET "/assets/scaffolds.css?body=1" for 127.0.0.1 at 2012-08-11 14:23:59 +0530
Served asset /scaffolds.css - 304 Not Modified (0ms)


Started GET "/assets/festivals.css?body=1" for 127.0.0.1 at 2012-08-11 14:23:59 +0530
Served asset /festivals.css - 304 Not Modified (0ms)


Started GET "/assets/jquery.js?body=1" for 127.0.0.1 at 2012-08-11 14:23:59 +0530
Served asset /jquery.js - 304 Not Modified (0ms)


Started GET "/assets/users.css?body=1" for 127.0.0.1 at 2012-08-11 14:23:59 +0530
Served asset /users.css - 304 Not Modified (0ms)


Started GET "/assets/jquery_ujs.js?body=1" for 127.0.0.1 at 2012-08-11 14:23:59 +0530
Served asset /jquery_ujs.js - 304 Not Modified (0ms)


Started GET "/assets/festivals.js?body=1" for 127.0.0.1 at 2012-08-11 14:23:59 +0530
Served asset /festivals.js - 304 Not Modified (0ms)


Started GET "/assets/users.js?body=1" for 127.0.0.1 at 2012-08-11 14:23:59 +0530
Served asset /users.js - 304 Not Modified (0ms)


Started GET "/assets/application.js?body=1" for 127.0.0.1 at 2012-08-11 14:23:59 +0530
Served asset /application.js - 304 Not Modified (0ms)


Started GET "/users/authenticate" for 127.0.0.1 at 2012-08-11 14:24:03 +0530
Processing by UsersController#authenticate as HTML
  [1m[35mUser Load (0.0ms)[0m  SELECT "users".* FROM "users" WHERE (userName = '' AND password = '')
Completed 200 OK in 0ms (Views: 0.0ms | ActiveRecord: 0.0ms)


Started GET "/users/insertUser" for 127.0.0.1 at 2012-08-11 14:24:25 +0530
Processing by UsersController#insertUser as HTML
  [1m[36m (296.9ms)[0m  [1mINSERT INTO users (userName,password,email,created_at,updated_at) VALUES ('', '', '',current_date,current_date)[0m
  Rendered users/insertUser.html.erb within layouts/application (0.0ms)
Completed 200 OK in 312ms (Views: 15.6ms | ActiveRecord: 296.9ms)


Started GET "/assets/scaffolds.css?body=1" for 127.0.0.1 at 2012-08-11 14:24:26 +0530
Served asset /scaffolds.css - 304 Not Modified (0ms)


Started GET "/assets/application.css?body=1" for 127.0.0.1 at 2012-08-11 14:24:26 +0530
Served asset /application.css - 304 Not Modified (0ms)


Started GET "/assets/users.css?body=1" for 127.0.0.1 at 2012-08-11 14:24:26 +0530
Served asset /users.css - 304 Not Modified (0ms)


Started GET "/assets/festivals.css?body=1" for 127.0.0.1 at 2012-08-11 14:24:26 +0530
Served asset /festivals.css - 304 Not Modified (0ms)


Started GET "/assets/jquery.js?body=1" for 127.0.0.1 at 2012-08-11 14:24:26 +0530
Served asset /jquery.js - 304 Not Modified (0ms)


Started GET "/assets/jquery_ujs.js?body=1" for 127.0.0.1 at 2012-08-11 14:24:26 +0530
Served asset /jquery_ujs.js - 304 Not Modified (0ms)


Started GET "/assets/festivals.js?body=1" for 127.0.0.1 at 2012-08-11 14:24:26 +0530
Served asset /festivals.js - 304 Not Modified (0ms)


Started GET "/assets/users.js?body=1" for 127.0.0.1 at 2012-08-11 14:24:26 +0530
Served asset /users.js - 304 Not Modified (0ms)


Started GET "/assets/application.js?body=1" for 127.0.0.1 at 2012-08-11 14:24:26 +0530
Served asset /application.js - 304 Not Modified (15ms)


Started GET "/users/saveUser" for 127.0.0.1 at 2012-08-11 14:24:32 +0530
Processing by UsersController#saveUser as HTML
Completed 500 Internal Server Error in 0ms

ActiveRecord::RecordNotFound (Couldn't find User without an ID):
  app/controllers/users_controller.rb:113:in `saveUser'


  Rendered C:/RoR/Ruby193/lib/ruby/gems/1.9.1/gems/actionpack-3.2.2/lib/action_dispatch/middleware/templates/rescues/_trace.erb (0.0ms)
  Rendered C:/RoR/Ruby193/lib/ruby/gems/1.9.1/gems/actionpack-3.2.2/lib/action_dispatch/middleware/templates/rescues/_request_and_response.erb (0.0ms)
  Rendered C:/RoR/Ruby193/lib/ruby/gems/1.9.1/gems/actionpack-3.2.2/lib/action_dispatch/middleware/templates/rescues/diagnostics.erb within rescues/layout (78.1ms)


Started GET "/" for 127.0.0.1 at 2012-08-11 14:24:43 +0530
Processing by UsersController#index as HTML
  [1m[35mUser Load (0.0ms)[0m  SELECT "users".* FROM "users" LIMIT 25 OFFSET 0
  Rendered users/index.html.erb within layouts/application (15.6ms)
Completed 200 OK in 31ms (Views: 15.6ms | ActiveRecord: 0.0ms)


Started GET "/assets/users.css?body=1" for 127.0.0.1 at 2012-08-11 14:24:43 +0530
Served asset /users.css - 304 Not Modified (0ms)


Started GET "/assets/festivals.css?body=1" for 127.0.0.1 at 2012-08-11 14:24:43 +0530
Served asset /festivals.css - 304 Not Modified (0ms)


Started GET "/assets/application.css?body=1" for 127.0.0.1 at 2012-08-11 14:24:43 +0530
Served asset /application.css - 304 Not Modified (0ms)


Started GET "/assets/scaffolds.css?body=1" for 127.0.0.1 at 2012-08-11 14:24:43 +0530
Served asset /scaffolds.css - 304 Not Modified (0ms)


Started GET "/assets/jquery_ujs.js?body=1" for 127.0.0.1 at 2012-08-11 14:24:43 +0530
Served asset /jquery_ujs.js - 304 Not Modified (0ms)


Started GET "/assets/jquery.js?body=1" for 127.0.0.1 at 2012-08-11 14:24:43 +0530
Served asset /jquery.js - 304 Not Modified (0ms)


Started GET "/assets/festivals.js?body=1" for 127.0.0.1 at 2012-08-11 14:24:43 +0530
Served asset /festivals.js - 304 Not Modified (0ms)


Started GET "/assets/users.js?body=1" for 127.0.0.1 at 2012-08-11 14:24:43 +0530
Served asset /users.js - 304 Not Modified (0ms)


Started GET "/assets/application.js?body=1" for 127.0.0.1 at 2012-08-11 14:24:43 +0530
Served asset /application.js - 304 Not Modified (0ms)


Started DELETE "/users/1" for 127.0.0.1 at 2012-08-11 14:24:48 +0530
Processing by UsersController#destroy as HTML
  Parameters: {"authenticity_token"=>"VUPc8bCiM+dUJ8Z7HuOVWg/Na2Extcb6ux+GVj3wTsM=", "id"=>"1"}
  [1m[36mUser Load (0.0ms)[0m  [1mSELECT "users".* FROM "users" WHERE "users"."id" = ? LIMIT 1[0m  [["id", "1"]]
  [1m[35m (0.0ms)[0m  begin transaction
  [1m[36mSQL (78.1ms)[0m  [1mDELETE FROM "users" WHERE "users"."id" = ?[0m  [["id", 1]]
  [1m[35m (109.4ms)[0m  commit transaction
Redirected to http://localhost:3000/users
Completed 302 Found in 187ms (ActiveRecord: 187.5ms)


Started GET "/users" for 127.0.0.1 at 2012-08-11 14:24:48 +0530
Processing by UsersController#index as HTML
  [1m[36mUser Load (0.0ms)[0m  [1mSELECT "users".* FROM "users" LIMIT 25 OFFSET 0[0m
  Rendered users/index.html.erb within layouts/application (0.0ms)
Completed 200 OK in 16ms (Views: 15.6ms | ActiveRecord: 0.0ms)


Started GET "/assets/application.css?body=1" for 127.0.0.1 at 2012-08-11 14:24:48 +0530
Served asset /application.css - 304 Not Modified (0ms)


Started GET "/assets/festivals.css?body=1" for 127.0.0.1 at 2012-08-11 14:24:48 +0530
Served asset /festivals.css - 304 Not Modified (0ms)


Started GET "/assets/scaffolds.css?body=1" for 127.0.0.1 at 2012-08-11 14:24:49 +0530
Served asset /scaffolds.css - 304 Not Modified (0ms)


Started GET "/assets/jquery.js?body=1" for 127.0.0.1 at 2012-08-11 14:24:49 +0530
Served asset /jquery.js - 304 Not Modified (0ms)


Started GET "/assets/users.css?body=1" for 127.0.0.1 at 2012-08-11 14:24:49 +0530
Served asset /users.css - 304 Not Modified (0ms)


Started GET "/assets/jquery_ujs.js?body=1" for 127.0.0.1 at 2012-08-11 14:24:49 +0530
Served asset /jquery_ujs.js - 304 Not Modified (0ms)


Started GET "/assets/festivals.js?body=1" for 127.0.0.1 at 2012-08-11 14:24:49 +0530
Served asset /festivals.js - 304 Not Modified (0ms)


Started GET "/assets/users.js?body=1" for 127.0.0.1 at 2012-08-11 14:24:49 +0530
Served asset /users.js - 304 Not Modified (0ms)


Started GET "/assets/application.js?body=1" for 127.0.0.1 at 2012-08-11 14:24:49 +0530
Served asset /application.js - 304 Not Modified (0ms)


Started GET "/users" for 127.0.0.1 at 2012-08-11 14:24:51 +0530
Processing by UsersController#index as HTML
  [1m[35mUser Load (0.0ms)[0m  SELECT "users".* FROM "users" LIMIT 25 OFFSET 0
  Rendered users/index.html.erb within layouts/application (0.0ms)
Completed 200 OK in 16ms (Views: 15.6ms | ActiveRecord: 0.0ms)


Started GET "/assets/application.css?body=1" for 127.0.0.1 at 2012-08-11 14:24:51 +0530
Served asset /application.css - 304 Not Modified (0ms)


Started GET "/assets/scaffolds.css?body=1" for 127.0.0.1 at 2012-08-11 14:24:52 +0530
Served asset /scaffolds.css - 304 Not Modified (0ms)


Started GET "/assets/users.css?body=1" for 127.0.0.1 at 2012-08-11 14:24:52 +0530
Served asset /users.css - 304 Not Modified (0ms)


Started GET "/assets/jquery.js?body=1" for 127.0.0.1 at 2012-08-11 14:24:52 +0530
Served asset /jquery.js - 304 Not Modified (0ms)


Started GET "/assets/festivals.css?body=1" for 127.0.0.1 at 2012-08-11 14:24:52 +0530
Served asset /festivals.css - 304 Not Modified (0ms)


Started GET "/assets/jquery_ujs.js?body=1" for 127.0.0.1 at 2012-08-11 14:24:52 +0530
Served asset /jquery_ujs.js - 304 Not Modified (0ms)


Started GET "/assets/festivals.js?body=1" for 127.0.0.1 at 2012-08-11 14:24:52 +0530
Served asset /festivals.js - 304 Not Modified (0ms)


Started GET "/assets/users.js?body=1" for 127.0.0.1 at 2012-08-11 14:24:52 +0530
Served asset /users.js - 304 Not Modified (0ms)


Started GET "/assets/application.js?body=1" for 127.0.0.1 at 2012-08-11 14:24:52 +0530
Served asset /application.js - 304 Not Modified (0ms)


Started GET "/users" for 127.0.0.1 at 2012-08-11 14:24:54 +0530
Processing by UsersController#index as HTML
  [1m[36mUser Load (0.0ms)[0m  [1mSELECT "users".* FROM "users" LIMIT 25 OFFSET 0[0m
  Rendered users/index.html.erb within layouts/application (0.0ms)
Completed 200 OK in 16ms (Views: 15.6ms | ActiveRecord: 0.0ms)


Started GET "/assets/users.css?body=1" for 127.0.0.1 at 2012-08-11 14:24:54 +0530
Served asset /users.css - 304 Not Modified (0ms)


Started GET "/assets/festivals.css?body=1" for 127.0.0.1 at 2012-08-11 14:24:54 +0530
Served asset /festivals.css - 304 Not Modified (0ms)


Started GET "/assets/scaffolds.css?body=1" for 127.0.0.1 at 2012-08-11 14:24:54 +0530
Served asset /scaffolds.css - 304 Not Modified (0ms)


Started GET "/assets/application.css?body=1" for 127.0.0.1 at 2012-08-11 14:24:54 +0530
Served asset /application.css - 304 Not Modified (0ms)


Started GET "/assets/jquery.js?body=1" for 127.0.0.1 at 2012-08-11 14:24:54 +0530
Served asset /jquery.js - 304 Not Modified (0ms)


Started GET "/assets/jquery_ujs.js?body=1" for 127.0.0.1 at 2012-08-11 14:24:54 +0530
Served asset /jquery_ujs.js - 304 Not Modified (0ms)


Started GET "/assets/festivals.js?body=1" for 127.0.0.1 at 2012-08-11 14:24:54 +0530
Served asset /festivals.js - 304 Not Modified (0ms)


Started GET "/assets/users.js?body=1" for 127.0.0.1 at 2012-08-11 14:24:54 +0530
Served asset /users.js - 304 Not Modified (0ms)


Started GET "/assets/application.js?body=1" for 127.0.0.1 at 2012-08-11 14:24:54 +0530
Served asset /application.js - 304 Not Modified (0ms)


Started GET "/" for 127.0.0.1 at 2012-08-11 14:27:22 +0530
Processing by UsersController#index as HTML
  [1m[36mUser Load (0.0ms)[0m  [1mSELECT "users".* FROM "users" LIMIT 25 OFFSET 0[0m
  Rendered users/index.html.erb within layouts/application (62.5ms)
Completed 200 OK in 422ms (Views: 406.2ms | ActiveRecord: 0.0ms)


Started GET "/assets/application.css?body=1" for 127.0.0.1 at 2012-08-11 14:27:28 +0530
Served asset /application.css - 304 Not Modified (15ms)


Started GET "/assets/festivals.css?body=1" for 127.0.0.1 at 2012-08-11 14:27:28 +0530
Served asset /festivals.css - 304 Not Modified (0ms)


Started GET "/assets/scaffolds.css?body=1" for 127.0.0.1 at 2012-08-11 14:27:28 +0530
Served asset /scaffolds.css - 304 Not Modified (0ms)


Started GET "/assets/users.css?body=1" for 127.0.0.1 at 2012-08-11 14:27:28 +0530
Served asset /users.css - 304 Not Modified (0ms)


Started GET "/assets/jquery.js?body=1" for 127.0.0.1 at 2012-08-11 14:27:28 +0530
Served asset /jquery.js - 304 Not Modified (15ms)


Started GET "/assets/jquery_ujs.js?body=1" for 127.0.0.1 at 2012-08-11 14:27:28 +0530
Served asset /jquery_ujs.js - 304 Not Modified (15ms)


Started GET "/assets/festivals.js?body=1" for 127.0.0.1 at 2012-08-11 14:27:28 +0530
Served asset /festivals.js - 304 Not Modified (0ms)


Started GET "/assets/users.js?body=1" for 127.0.0.1 at 2012-08-11 14:27:29 +0530
Served asset /users.js - 304 Not Modified (15ms)


Started GET "/assets/application.js?body=1" for 127.0.0.1 at 2012-08-11 14:27:29 +0530
Served asset /application.js - 304 Not Modified (15ms)


Started GET "/festivals" for 127.0.0.1 at 2012-08-11 14:27:32 +0530
Processing by FestivalsController#index as HTML
  [1m[35mFestival Load (0.0ms)[0m  SELECT "festivals".* FROM "festivals" LIMIT 25 OFFSET 0
  Rendered festivals/index.html.erb within layouts/application (15.6ms)
Completed 200 OK in 31ms (Views: 15.6ms | ActiveRecord: 0.0ms)


Started GET "/assets/users.css?body=1" for 127.0.0.1 at 2012-08-11 14:27:33 +0530
Served asset /users.css - 304 Not Modified (0ms)


Started GET "/assets/application.css?body=1" for 127.0.0.1 at 2012-08-11 14:27:33 +0530
Served asset /application.css - 304 Not Modified (0ms)


Started GET "/assets/scaffolds.css?body=1" for 127.0.0.1 at 2012-08-11 14:27:33 +0530
Served asset /scaffolds.css - 304 Not Modified (0ms)


Started GET "/assets/festivals.css?body=1" for 127.0.0.1 at 2012-08-11 14:27:33 +0530
Served asset /festivals.css - 304 Not Modified (0ms)


Started GET "/assets/festivals.js?body=1" for 127.0.0.1 at 2012-08-11 14:27:33 +0530
Served asset /festivals.js - 304 Not Modified (0ms)


Started GET "/assets/jquery.js?body=1" for 127.0.0.1 at 2012-08-11 14:27:33 +0530
Served asset /jquery.js - 304 Not Modified (15ms)


Started GET "/assets/jquery_ujs.js?body=1" for 127.0.0.1 at 2012-08-11 14:27:33 +0530
Served asset /jquery_ujs.js - 304 Not Modified (0ms)


Started GET "/assets/users.js?body=1" for 127.0.0.1 at 2012-08-11 14:27:33 +0530
Served asset /users.js - 304 Not Modified (0ms)


Started GET "/assets/application.js?body=1" for 127.0.0.1 at 2012-08-11 14:27:33 +0530
Served asset /application.js - 304 Not Modified (0ms)


Started GET "/users" for 127.0.0.1 at 2012-08-11 14:27:43 +0530
Processing by UsersController#index as HTML
  [1m[36mUser Load (0.0ms)[0m  [1mSELECT "users".* FROM "users" LIMIT 25 OFFSET 0[0m
  Rendered users/index.html.erb within layouts/application (0.0ms)
Completed 200 OK in 31ms (Views: 31.2ms | ActiveRecord: 0.0ms)


Started GET "/assets/festivals.css?body=1" for 127.0.0.1 at 2012-08-11 14:27:43 +0530
Served asset /festivals.css - 304 Not Modified (0ms)


Started GET "/assets/application.css?body=1" for 127.0.0.1 at 2012-08-11 14:27:43 +0530
Served asset /application.css - 304 Not Modified (15ms)


Started GET "/assets/scaffolds.css?body=1" for 127.0.0.1 at 2012-08-11 14:27:43 +0530
Served asset /scaffolds.css - 304 Not Modified (0ms)


Started GET "/assets/users.css?body=1" for 127.0.0.1 at 2012-08-11 14:27:43 +0530
Served asset /users.css - 304 Not Modified (0ms)


Started GET "/assets/jquery.js?body=1" for 127.0.0.1 at 2012-08-11 14:27:43 +0530
Served asset /jquery.js - 304 Not Modified (0ms)


Started GET "/assets/jquery_ujs.js?body=1" for 127.0.0.1 at 2012-08-11 14:27:43 +0530
Served asset /jquery_ujs.js - 304 Not Modified (0ms)


Started GET "/assets/festivals.js?body=1" for 127.0.0.1 at 2012-08-11 14:27:43 +0530
Served asset /festivals.js - 304 Not Modified (0ms)


Started GET "/assets/users.js?body=1" for 127.0.0.1 at 2012-08-11 14:27:43 +0530
Served asset /users.js - 304 Not Modified (0ms)


Started GET "/assets/application.js?body=1" for 127.0.0.1 at 2012-08-11 14:27:43 +0530
Served asset /application.js - 304 Not Modified (0ms)


Started GET "/users" for 127.0.0.1 at 2012-08-11 14:50:56 +0530
Processing by UsersController#index as HTML
  [1m[36mUser Load (0.0ms)[0m  [1mSELECT "users".* FROM "users" LIMIT 25 OFFSET 0[0m
  Rendered users/index.html.erb within layouts/application (78.2ms)
Completed 200 OK in 375ms (Views: 375.2ms | ActiveRecord: 0.0ms)


Started GET "/assets/application.css?body=1" for 127.0.0.1 at 2012-08-11 14:51:02 +0530
Served asset /application.css - 304 Not Modified (15ms)


Started GET "/assets/festivals.css?body=1" for 127.0.0.1 at 2012-08-11 14:51:02 +0530
Served asset /festivals.css - 304 Not Modified (15ms)


Started GET "/assets/scaffolds.css?body=1" for 127.0.0.1 at 2012-08-11 14:51:02 +0530
Served asset /scaffolds.css - 304 Not Modified (0ms)


Started GET "/assets/users.css?body=1" for 127.0.0.1 at 2012-08-11 14:51:02 +0530
Served asset /users.css - 304 Not Modified (0ms)


Started GET "/assets/jquery.js?body=1" for 127.0.0.1 at 2012-08-11 14:51:02 +0530
Served asset /jquery.js - 304 Not Modified (31ms)


Started GET "/assets/jquery_ujs.js?body=1" for 127.0.0.1 at 2012-08-11 14:51:02 +0530
Served asset /jquery_ujs.js - 304 Not Modified (15ms)


Started GET "/assets/festivals.js?body=1" for 127.0.0.1 at 2012-08-11 14:51:02 +0530
Served asset /festivals.js - 304 Not Modified (0ms)


Started GET "/assets/users.js?body=1" for 127.0.0.1 at 2012-08-11 14:51:02 +0530
Served asset /users.js - 304 Not Modified (0ms)


Started GET "/assets/application.js?body=1" for 127.0.0.1 at 2012-08-11 14:51:02 +0530
Served asset /application.js - 304 Not Modified (31ms)


Started GET "/users" for 127.0.0.1 at 2012-08-11 14:54:07 +0530
Processing by UsersController#index as HTML
  [1m[35mUser Load (0.0ms)[0m  SELECT "users".* FROM "users" LIMIT 25 OFFSET 0
  Rendered users/index.html.erb within layouts/application (0.0ms)
Completed 200 OK in 78ms (Views: 78.1ms | ActiveRecord: 0.0ms)


Started GET "/assets/application.css?body=1" for 127.0.0.1 at 2012-08-11 14:54:07 +0530
Served asset /application.css - 304 Not Modified (15ms)


Started GET "/assets/festivals.css?body=1" for 127.0.0.1 at 2012-08-11 14:54:07 +0530
Served asset /festivals.css - 304 Not Modified (0ms)


Started GET "/assets/scaffolds.css?body=1" for 127.0.0.1 at 2012-08-11 14:54:07 +0530
Served asset /scaffolds.css - 304 Not Modified (0ms)


Started GET "/assets/jquery.js?body=1" for 127.0.0.1 at 2012-08-11 14:54:07 +0530
Served asset /jquery.js - 304 Not Modified (0ms)


Started GET "/assets/users.css?body=1" for 127.0.0.1 at 2012-08-11 14:54:07 +0530
Served asset /users.css - 304 Not Modified (0ms)


Started GET "/assets/jquery_ujs.js?body=1" for 127.0.0.1 at 2012-08-11 14:54:07 +0530
Served asset /jquery_ujs.js - 304 Not Modified (0ms)


Started GET "/assets/festivals.js?body=1" for 127.0.0.1 at 2012-08-11 14:54:07 +0530
Served asset /festivals.js - 304 Not Modified (0ms)


Started GET "/assets/users.js?body=1" for 127.0.0.1 at 2012-08-11 14:54:07 +0530
Served asset /users.js - 304 Not Modified (0ms)


Started GET "/assets/application.js?body=1" for 127.0.0.1 at 2012-08-11 14:54:07 +0530
Served asset /application.js - 304 Not Modified (0ms)


Started GET "/users/insertUser?userName=yrkapil&password=[FILTERED]&email=yrkapil@gmail.com" for 127.0.0.1 at 2012-08-11 14:54:29 +0530
Processing by UsersController#insertUser as HTML
  Parameters: {"userName"=>"yrkapil", "password"=>"[FILTERED]", "email"=>"yrkapil@gmail.com"}
  [1m[36m (0.0ms)[0m  [1mINSERT INTO users (userName,password,email,created_at,updated_at) VALUES (params[:userName], params[:password], params[:email],current_date,current_date)[0m
SQLite3::SQLException: near "[:userName]": syntax error: INSERT INTO users (userName,password,email,created_at,updated_at) VALUES (params[:userName], params[:password], params[:email],current_date,current_date)
Completed 500 Internal Server Error in 16ms

ActiveRecord::StatementInvalid (SQLite3::SQLException: near "[:userName]": syntax error: INSERT INTO users (userName,password,email,created_at,updated_at) VALUES (params[:userName], params[:password], params[:email],current_date,current_date)):
  app/controllers/users_controller.rb:105:in `insertUser'


  Rendered C:/RoR/Ruby193/lib/ruby/gems/1.9.1/gems/actionpack-3.2.2/lib/action_dispatch/middleware/templates/rescues/_trace.erb (0.0ms)
  Rendered C:/RoR/Ruby193/lib/ruby/gems/1.9.1/gems/actionpack-3.2.2/lib/action_dispatch/middleware/templates/rescues/_request_and_response.erb (15.6ms)
  Rendered C:/RoR/Ruby193/lib/ruby/gems/1.9.1/gems/actionpack-3.2.2/lib/action_dispatch/middleware/templates/rescues/diagnostics.erb within rescues/layout (78.1ms)


Started GET "/users/authenticate?userName=ramy&password=[FILTERED]" for 127.0.0.1 at 2012-08-11 14:54:55 +0530
Processing by UsersController#authenticate as HTML
  Parameters: {"userName"=>"ramy", "password"=>"[FILTERED]"}
  [1m[35mUser Load (0.0ms)[0m  SELECT "users".* FROM "users" WHERE (userName = 'params[:userName]' AND password = 'params[:password]')
Completed 200 OK in 0ms (Views: 0.0ms | ActiveRecord: 0.0ms)


Started GET "/users/authenticate?userName=ramy&password=[FILTERED]" for 127.0.0.1 at 2012-08-11 14:55:39 +0530
Processing by UsersController#authenticate as HTML
  Parameters: {"userName"=>"ramy", "password"=>"[FILTERED]"}
  [1m[36mUser Load (0.0ms)[0m  [1mSELECT "users".* FROM "users" WHERE (:userName => 'params[:userName]' AND :password = 'params[:password]')[0m
SQLite3::SQLException: near ">": syntax error: SELECT "users".* FROM "users"  WHERE (:userName => 'params[:userName]' AND :password = 'params[:password]')
Completed 500 Internal Server Error in 0ms

ActiveRecord::StatementInvalid (SQLite3::SQLException: near ">": syntax error: SELECT "users".* FROM "users"  WHERE (:userName => 'params[:userName]' AND :password = 'params[:password]')):
  app/controllers/users_controller.rb:88:in `authenticate'


  Rendered C:/RoR/Ruby193/lib/ruby/gems/1.9.1/gems/actionpack-3.2.2/lib/action_dispatch/middleware/templates/rescues/_trace.erb (0.0ms)
  Rendered C:/RoR/Ruby193/lib/ruby/gems/1.9.1/gems/actionpack-3.2.2/lib/action_dispatch/middleware/templates/rescues/_request_and_response.erb (0.0ms)
  Rendered C:/RoR/Ruby193/lib/ruby/gems/1.9.1/gems/actionpack-3.2.2/lib/action_dispatch/middleware/templates/rescues/diagnostics.erb within rescues/layout (78.1ms)


Started GET "/users/authenticate?userName=ramy&password=[FILTERED]" for 127.0.0.1 at 2012-08-11 14:55:50 +0530
Processing by UsersController#authenticate as HTML
  Parameters: {"userName"=>"ramy", "password"=>"[FILTERED]"}
  [1m[35mUser Load (0.0ms)[0m  SELECT "users".* FROM "users" WHERE (:userName => params[:userName] AND :password = params[:password])
SQLite3::SQLException: near ">": syntax error: SELECT "users".* FROM "users"  WHERE (:userName => params[:userName] AND :password = params[:password])
Completed 500 Internal Server Error in 16ms

ActiveRecord::StatementInvalid (SQLite3::SQLException: near ">": syntax error: SELECT "users".* FROM "users"  WHERE (:userName => params[:userName] AND :password = params[:password])):
  app/controllers/users_controller.rb:88:in `authenticate'


  Rendered C:/RoR/Ruby193/lib/ruby/gems/1.9.1/gems/actionpack-3.2.2/lib/action_dispatch/middleware/templates/rescues/_trace.erb (15.6ms)
  Rendered C:/RoR/Ruby193/lib/ruby/gems/1.9.1/gems/actionpack-3.2.2/lib/action_dispatch/middleware/templates/rescues/_request_and_response.erb (0.0ms)
  Rendered C:/RoR/Ruby193/lib/ruby/gems/1.9.1/gems/actionpack-3.2.2/lib/action_dispatch/middleware/templates/rescues/diagnostics.erb within rescues/layout (78.1ms)


Started GET "/users/authenticate?userName=ramy&password=[FILTERED]" for 127.0.0.1 at 2012-08-11 14:55:52 +0530
Processing by UsersController#authenticate as HTML
  Parameters: {"userName"=>"ramy", "password"=>"[FILTERED]"}
  [1m[36mUser Load (0.0ms)[0m  [1mSELECT "users".* FROM "users" WHERE (:userName => params[:userName] AND :password = params[:password])[0m
SQLite3::SQLException: near ">": syntax error: SELECT "users".* FROM "users"  WHERE (:userName => params[:userName] AND :password = params[:password])
Completed 500 Internal Server Error in 0ms

ActiveRecord::StatementInvalid (SQLite3::SQLException: near ">": syntax error: SELECT "users".* FROM "users"  WHERE (:userName => params[:userName] AND :password = params[:password])):
  app/controllers/users_controller.rb:88:in `authenticate'


  Rendered C:/RoR/Ruby193/lib/ruby/gems/1.9.1/gems/actionpack-3.2.2/lib/action_dispatch/middleware/templates/rescues/_trace.erb (15.6ms)
  Rendered C:/RoR/Ruby193/lib/ruby/gems/1.9.1/gems/actionpack-3.2.2/lib/action_dispatch/middleware/templates/rescues/_request_and_response.erb (0.0ms)
  Rendered C:/RoR/Ruby193/lib/ruby/gems/1.9.1/gems/actionpack-3.2.2/lib/action_dispatch/middleware/templates/rescues/diagnostics.erb within rescues/layout (78.1ms)


Started GET "/users/authenticate?userName=ramy&password=[FILTERED]" for 127.0.0.1 at 2012-08-11 14:56:52 +0530
Processing by UsersController#authenticate as HTML
  Parameters: {"userName"=>"ramy", "password"=>"[FILTERED]"}
  [1m[35mUser Load (0.0ms)[0m  SELECT "users".* FROM "users" WHERE (:userName => params[:userName] AND :password => params[:password])
SQLite3::SQLException: near ">": syntax error: SELECT "users".* FROM "users"  WHERE (:userName => params[:userName] AND :password => params[:password])
Completed 500 Internal Server Error in 0ms

ActiveRecord::StatementInvalid (SQLite3::SQLException: near ">": syntax error: SELECT "users".* FROM "users"  WHERE (:userName => params[:userName] AND :password => params[:password])):
  app/controllers/users_controller.rb:88:in `authenticate'


  Rendered C:/RoR/Ruby193/lib/ruby/gems/1.9.1/gems/actionpack-3.2.2/lib/action_dispatch/middleware/templates/rescues/_trace.erb (15.6ms)
  Rendered C:/RoR/Ruby193/lib/ruby/gems/1.9.1/gems/actionpack-3.2.2/lib/action_dispatch/middleware/templates/rescues/_request_and_response.erb (0.0ms)
  Rendered C:/RoR/Ruby193/lib/ruby/gems/1.9.1/gems/actionpack-3.2.2/lib/action_dispatch/middleware/templates/rescues/diagnostics.erb within rescues/layout (109.4ms)


Started GET "/users/authenticate?userName=ramy&password=[FILTERED]" for 127.0.0.1 at 2012-08-11 14:56:54 +0530
Processing by UsersController#authenticate as HTML
  Parameters: {"userName"=>"ramy", "password"=>"[FILTERED]"}
  [1m[36mUser Load (0.0ms)[0m  [1mSELECT "users".* FROM "users" WHERE (:userName => params[:userName] AND :password => params[:password])[0m
SQLite3::SQLException: near ">": syntax error: SELECT "users".* FROM "users"  WHERE (:userName => params[:userName] AND :password => params[:password])
Completed 500 Internal Server Error in 0ms

ActiveRecord::StatementInvalid (SQLite3::SQLException: near ">": syntax error: SELECT "users".* FROM "users"  WHERE (:userName => params[:userName] AND :password => params[:password])):
  app/controllers/users_controller.rb:88:in `authenticate'


  Rendered C:/RoR/Ruby193/lib/ruby/gems/1.9.1/gems/actionpack-3.2.2/lib/action_dispatch/middleware/templates/rescues/_trace.erb (15.6ms)
  Rendered C:/RoR/Ruby193/lib/ruby/gems/1.9.1/gems/actionpack-3.2.2/lib/action_dispatch/middleware/templates/rescues/_request_and_response.erb (0.0ms)
  Rendered C:/RoR/Ruby193/lib/ruby/gems/1.9.1/gems/actionpack-3.2.2/lib/action_dispatch/middleware/templates/rescues/diagnostics.erb within rescues/layout (78.1ms)


Started GET "/users/authenticate?userName=ramy&password=[FILTERED]" for 127.0.0.1 at 2012-08-11 14:57:28 +0530
Processing by UsersController#authenticate as HTML
  Parameters: {"userName"=>"ramy", "password"=>"[FILTERED]"}
  [1m[35mUser Load (0.0ms)[0m  SELECT "users".* FROM "users" WHERE (:userName => params[:userName] AND :password => params[:password])
SQLite3::SQLException: near ">": syntax error: SELECT "users".* FROM "users"  WHERE (:userName => params[:userName] AND :password => params[:password])
Completed 500 Internal Server Error in 16ms

ActiveRecord::StatementInvalid (SQLite3::SQLException: near ">": syntax error: SELECT "users".* FROM "users"  WHERE (:userName => params[:userName] AND :password => params[:password])):
  app/controllers/users_controller.rb:90:in `authenticate'


  Rendered C:/RoR/Ruby193/lib/ruby/gems/1.9.1/gems/actionpack-3.2.2/lib/action_dispatch/middleware/templates/rescues/_trace.erb (15.6ms)
  Rendered C:/RoR/Ruby193/lib/ruby/gems/1.9.1/gems/actionpack-3.2.2/lib/action_dispatch/middleware/templates/rescues/_request_and_response.erb (0.0ms)
  Rendered C:/RoR/Ruby193/lib/ruby/gems/1.9.1/gems/actionpack-3.2.2/lib/action_dispatch/middleware/templates/rescues/diagnostics.erb within rescues/layout (109.4ms)


Started GET "/users/authenticate?userName=ramy&password=[FILTERED]" for 127.0.0.1 at 2012-08-11 14:58:10 +0530
Processing by UsersController#authenticate as HTML
  Parameters: {"userName"=>"ramy", "password"=>"[FILTERED]"}
  [1m[36mUser Load (0.0ms)[0m  [1mSELECT "users".* FROM "users" WHERE (userName = params[:userName] AND password = params[:password])[0m
SQLite3::SQLException: near "[:userName]": syntax error: SELECT "users".* FROM "users"  WHERE (userName = params[:userName] AND password = params[:password])
Completed 500 Internal Server Error in 0ms

ActiveRecord::StatementInvalid (SQLite3::SQLException: near "[:userName]": syntax error: SELECT "users".* FROM "users"  WHERE (userName = params[:userName] AND password = params[:password])):
  app/controllers/users_controller.rb:90:in `authenticate'


  Rendered C:/RoR/Ruby193/lib/ruby/gems/1.9.1/gems/actionpack-3.2.2/lib/action_dispatch/middleware/templates/rescues/_trace.erb (15.6ms)
  Rendered C:/RoR/Ruby193/lib/ruby/gems/1.9.1/gems/actionpack-3.2.2/lib/action_dispatch/middleware/templates/rescues/_request_and_response.erb (0.0ms)
  Rendered C:/RoR/Ruby193/lib/ruby/gems/1.9.1/gems/actionpack-3.2.2/lib/action_dispatch/middleware/templates/rescues/diagnostics.erb within rescues/layout (78.1ms)


Started GET "/users/authenticate?userName=ramy&password=[FILTERED]" for 127.0.0.1 at 2012-08-11 14:58:27 +0530
Processing by UsersController#authenticate as HTML
  Parameters: {"userName"=>"ramy", "password"=>"[FILTERED]"}
  [1m[35mUser Load (0.0ms)[0m  SELECT "users".* FROM "users" WHERE (userName = 'params[:userName]' AND password = 'params[:password]')
Completed 200 OK in 0ms (Views: 0.0ms | ActiveRecord: 0.0ms)


Started GET "/users/authenticate?userName=senthil&password=[FILTERED]" for 127.0.0.1 at 2012-08-11 14:58:39 +0530
Processing by UsersController#authenticate as HTML
  Parameters: {"userName"=>"senthil", "password"=>"[FILTERED]"}
  [1m[36mUser Load (0.0ms)[0m  [1mSELECT "users".* FROM "users" WHERE (userName = 'params[:userName]' AND password = 'params[:password]')[0m
Completed 200 OK in 0ms (Views: 0.0ms | ActiveRecord: 0.0ms)


Started GET "/users" for 127.0.0.1 at 2012-08-11 14:58:45 +0530
Processing by UsersController#index as HTML
  [1m[35mUser Load (0.0ms)[0m  SELECT "users".* FROM "users" LIMIT 25 OFFSET 0
  Rendered users/index.html.erb within layouts/application (0.0ms)
Completed 200 OK in 31ms (Views: 31.3ms | ActiveRecord: 0.0ms)


Started GET "/assets/application.css?body=1" for 127.0.0.1 at 2012-08-11 14:58:45 +0530
Served asset /application.css - 304 Not Modified (15ms)


Started GET "/assets/scaffolds.css?body=1" for 127.0.0.1 at 2012-08-11 14:58:45 +0530
Served asset /scaffolds.css - 304 Not Modified (0ms)


Started GET "/assets/jquery.js?body=1" for 127.0.0.1 at 2012-08-11 14:58:45 +0530
Served asset /jquery.js - 304 Not Modified (0ms)


Started GET "/assets/festivals.css?body=1" for 127.0.0.1 at 2012-08-11 14:58:45 +0530
Served asset /festivals.css - 304 Not Modified (0ms)


Started GET "/assets/users.css?body=1" for 127.0.0.1 at 2012-08-11 14:58:45 +0530
Served asset /users.css - 304 Not Modified (0ms)


Started GET "/assets/jquery_ujs.js?body=1" for 127.0.0.1 at 2012-08-11 14:58:45 +0530
Served asset /jquery_ujs.js - 304 Not Modified (0ms)


Started GET "/assets/festivals.js?body=1" for 127.0.0.1 at 2012-08-11 14:58:45 +0530
Served asset /festivals.js - 304 Not Modified (0ms)


Started GET "/assets/users.js?body=1" for 127.0.0.1 at 2012-08-11 14:58:45 +0530
Served asset /users.js - 304 Not Modified (0ms)


Started GET "/assets/application.js?body=1" for 127.0.0.1 at 2012-08-11 14:58:45 +0530
Served asset /application.js - 304 Not Modified (0ms)


Started GET "/users/new" for 127.0.0.1 at 2012-08-11 14:58:47 +0530
Processing by UsersController#new as HTML
  Rendered users/_form.html.erb (46.9ms)
  Rendered users/new.html.erb within layouts/application (125.0ms)
Completed 200 OK in 172ms (Views: 156.3ms | ActiveRecord: 0.0ms)


Started GET "/assets/application.css?body=1" for 127.0.0.1 at 2012-08-11 14:58:47 +0530
Served asset /application.css - 304 Not Modified (0ms)


Started GET "/assets/scaffolds.css?body=1" for 127.0.0.1 at 2012-08-11 14:58:47 +0530
Served asset /scaffolds.css - 304 Not Modified (0ms)


Started GET "/assets/jquery.js?body=1" for 127.0.0.1 at 2012-08-11 14:58:47 +0530
Served asset /jquery.js - 304 Not Modified (0ms)


Started GET "/assets/festivals.css?body=1" for 127.0.0.1 at 2012-08-11 14:58:47 +0530
Served asset /festivals.css - 304 Not Modified (0ms)


Started GET "/assets/jquery_ujs.js?body=1" for 127.0.0.1 at 2012-08-11 14:58:47 +0530
Served asset /jquery_ujs.js - 304 Not Modified (0ms)


Started GET "/assets/users.css?body=1" for 127.0.0.1 at 2012-08-11 14:58:47 +0530
Served asset /users.css - 304 Not Modified (0ms)


Started GET "/assets/festivals.js?body=1" for 127.0.0.1 at 2012-08-11 14:58:47 +0530
Served asset /festivals.js - 304 Not Modified (0ms)


Started GET "/assets/users.js?body=1" for 127.0.0.1 at 2012-08-11 14:58:47 +0530
Served asset /users.js - 304 Not Modified (0ms)


Started GET "/assets/application.js?body=1" for 127.0.0.1 at 2012-08-11 14:58:47 +0530
Served asset /application.js - 304 Not Modified (15ms)


Started POST "/users" for 127.0.0.1 at 2012-08-11 14:58:59 +0530
Processing by UsersController#create as HTML
  Parameters: {"utf8"=>"✓", "authenticity_token"=>"VUPc8bCiM+dUJ8Z7HuOVWg/Na2Extcb6ux+GVj3wTsM=", "user"=>{"userName"=>"senthil", "password"=>"[FILTERED]", "email"=>"sk@vm.com"}, "commit"=>"Create User"}
  [1m[36m (0.0ms)[0m  [1mbegin transaction[0m
  [1m[35mSQL (125.0ms)[0m  INSERT INTO "users" ("created_at", "email", "password", "updated_at", "userName") VALUES (?, ?, ?, ?, ?)  [["created_at", Sat, 11 Aug 2012 09:28:59 UTC +00:00], ["email", "sk@vm.com"], ["password", "senthil"], ["updated_at", Sat, 11 Aug 2012 09:28:59 UTC +00:00], ["userName", "senthil"]]
  [1m[36m (109.4ms)[0m  [1mcommit transaction[0m
Redirected to http://localhost:3000/users/2
Completed 302 Found in 234ms (ActiveRecord: 234.4ms)


Started GET "/users/2" for 127.0.0.1 at 2012-08-11 14:58:59 +0530
Processing by UsersController#show as HTML
  Parameters: {"id"=>"2"}
  [1m[35mUser Load (0.0ms)[0m  SELECT "users".* FROM "users" WHERE "users"."id" = ? LIMIT 1  [["id", "2"]]
  Rendered users/show.html.erb within layouts/application (0.0ms)
Completed 200 OK in 31ms (Views: 31.3ms | ActiveRecord: 0.0ms)


Started GET "/assets/application.css?body=1" for 127.0.0.1 at 2012-08-11 14:58:59 +0530
Served asset /application.css - 304 Not Modified (0ms)


Started GET "/assets/festivals.css?body=1" for 127.0.0.1 at 2012-08-11 14:58:59 +0530
Served asset /festivals.css - 304 Not Modified (0ms)


Started GET "/assets/scaffolds.css?body=1" for 127.0.0.1 at 2012-08-11 14:58:59 +0530
Served asset /scaffolds.css - 304 Not Modified (0ms)


Started GET "/assets/users.css?body=1" for 127.0.0.1 at 2012-08-11 14:58:59 +0530
Served asset /users.css - 304 Not Modified (0ms)


Started GET "/assets/jquery.js?body=1" for 127.0.0.1 at 2012-08-11 14:58:59 +0530
Served asset /jquery.js - 304 Not Modified (0ms)


Started GET "/assets/jquery_ujs.js?body=1" for 127.0.0.1 at 2012-08-11 14:58:59 +0530
Served asset /jquery_ujs.js - 304 Not Modified (0ms)


Started GET "/assets/festivals.js?body=1" for 127.0.0.1 at 2012-08-11 14:58:59 +0530
Served asset /festivals.js - 304 Not Modified (0ms)


Started GET "/assets/users.js?body=1" for 127.0.0.1 at 2012-08-11 14:59:00 +0530
Served asset /users.js - 304 Not Modified (0ms)


Started GET "/assets/application.js?body=1" for 127.0.0.1 at 2012-08-11 14:59:00 +0530
Served asset /application.js - 304 Not Modified (0ms)


Started GET "/users" for 127.0.0.1 at 2012-08-11 14:59:02 +0530
Processing by UsersController#index as HTML
  [1m[36mUser Load (0.0ms)[0m  [1mSELECT "users".* FROM "users" LIMIT 25 OFFSET 0[0m
  Rendered users/index.html.erb within layouts/application (0.0ms)
Completed 200 OK in 31ms (Views: 31.3ms | ActiveRecord: 0.0ms)


Started GET "/assets/application.css?body=1" for 127.0.0.1 at 2012-08-11 14:59:02 +0530
Served asset /application.css - 304 Not Modified (0ms)


Started GET "/assets/festivals.css?body=1" for 127.0.0.1 at 2012-08-11 14:59:02 +0530
Served asset /festivals.css - 304 Not Modified (0ms)


Started GET "/assets/scaffolds.css?body=1" for 127.0.0.1 at 2012-08-11 14:59:02 +0530
Served asset /scaffolds.css - 304 Not Modified (0ms)


Started GET "/assets/users.css?body=1" for 127.0.0.1 at 2012-08-11 14:59:02 +0530
Served asset /users.css - 304 Not Modified (0ms)


Started GET "/assets/jquery.js?body=1" for 127.0.0.1 at 2012-08-11 14:59:02 +0530
Served asset /jquery.js - 304 Not Modified (0ms)


Started GET "/assets/jquery_ujs.js?body=1" for 127.0.0.1 at 2012-08-11 14:59:02 +0530
Served asset /jquery_ujs.js - 304 Not Modified (0ms)


Started GET "/assets/festivals.js?body=1" for 127.0.0.1 at 2012-08-11 14:59:02 +0530
Served asset /festivals.js - 304 Not Modified (15ms)


Started GET "/assets/users.js?body=1" for 127.0.0.1 at 2012-08-11 14:59:02 +0530
Served asset /users.js - 304 Not Modified (0ms)


Started GET "/assets/application.js?body=1" for 127.0.0.1 at 2012-08-11 14:59:02 +0530
Served asset /application.js - 304 Not Modified (15ms)


Started GET "/users" for 127.0.0.1 at 2012-08-11 14:59:06 +0530
Processing by UsersController#index as HTML
  [1m[35mUser Load (0.0ms)[0m  SELECT "users".* FROM "users" LIMIT 25 OFFSET 0
  Rendered users/index.html.erb within layouts/application (15.6ms)
Completed 200 OK in 16ms (Views: 15.6ms | ActiveRecord: 0.0ms)


Started GET "/assets/scaffolds.css?body=1" for 127.0.0.1 at 2012-08-11 14:59:06 +0530
Served asset /scaffolds.css - 304 Not Modified (0ms)


Started GET "/assets/application.css?body=1" for 127.0.0.1 at 2012-08-11 14:59:06 +0530
Served asset /application.css - 304 Not Modified (0ms)


Started GET "/assets/festivals.css?body=1" for 127.0.0.1 at 2012-08-11 14:59:06 +0530
Served asset /festivals.css - 304 Not Modified (0ms)


Started GET "/assets/users.css?body=1" for 127.0.0.1 at 2012-08-11 14:59:06 +0530
Served asset /users.css - 304 Not Modified (0ms)


Started GET "/assets/jquery.js?body=1" for 127.0.0.1 at 2012-08-11 14:59:06 +0530
Served asset /jquery.js - 304 Not Modified (0ms)


Started GET "/assets/jquery_ujs.js?body=1" for 127.0.0.1 at 2012-08-11 14:59:06 +0530
Served asset /jquery_ujs.js - 304 Not Modified (0ms)


Started GET "/assets/festivals.js?body=1" for 127.0.0.1 at 2012-08-11 14:59:06 +0530
Served asset /festivals.js - 304 Not Modified (0ms)


Started GET "/assets/users.js?body=1" for 127.0.0.1 at 2012-08-11 14:59:06 +0530
Served asset /users.js - 304 Not Modified (0ms)


Started GET "/assets/application.js?body=1" for 127.0.0.1 at 2012-08-11 14:59:06 +0530
Served asset /application.js - 304 Not Modified (0ms)


Started GET "/users/authenticate?userName=senthil&password=[FILTERED]" for 127.0.0.1 at 2012-08-11 14:59:15 +0530
Processing by UsersController#authenticate as HTML
  Parameters: {"userName"=>"senthil", "password"=>"[FILTERED]"}
  [1m[36mUser Load (0.0ms)[0m  [1mSELECT "users".* FROM "users" WHERE (userName = 'params[:userName]' AND password = 'params[:password]')[0m
Completed 200 OK in 0ms (Views: 0.0ms | ActiveRecord: 0.0ms)


Started GET "/users/authenticate?userName=senthil&password=[FILTERED]" for 127.0.0.1 at 2012-08-11 14:59:47 +0530
Processing by UsersController#authenticate as HTML
  Parameters: {"userName"=>"senthil", "password"=>"[FILTERED]"}
  [1m[35mUser Load (0.0ms)[0m  SELECT "users".* FROM "users" WHERE (userName = 'senthil' AND password = 'senthil')
Completed 200 OK in 16ms (Views: 0.0ms | ActiveRecord: 0.0ms)


Started GET "/users/authenticate?insertUser?userName=yrkapil&password=[FILTERED]&email=yrkapil@gmail.com" for 127.0.0.1 at 2012-08-11 15:01:02 +0530
Processing by UsersController#authenticate as HTML
  Parameters: {"insertUser?userName"=>"yrkapil", "password"=>"[FILTERED]", "email"=>"yrkapil@gmail.com"}
  [1m[36mUser Load (0.0ms)[0m  [1mSELECT "users".* FROM "users" WHERE (userName = '' AND password = '123456')[0m
Completed 200 OK in 16ms (Views: 0.0ms | ActiveRecord: 0.0ms)


Started GET "/users/insertUser?userName=yrkapil&password=[FILTERED]&email=yrkapil@gmail.com" for 127.0.0.1 at 2012-08-11 15:01:13 +0530
Processing by UsersController#insertUser as HTML
  Parameters: {"userName"=>"yrkapil", "password"=>"[FILTERED]", "email"=>"yrkapil@gmail.com"}
  [1m[35m (250.0ms)[0m  INSERT INTO users (userName,password,email,created_at,updated_at) VALUES ('yrkapil', '123456', 'yrkapil@gmail.com',current_date,current_date)
  Rendered users/insertUser.html.erb within layouts/application (0.0ms)
Completed 200 OK in 281ms (Views: 31.3ms | ActiveRecord: 250.0ms)


Started GET "/assets/application.css?body=1" for 127.0.0.1 at 2012-08-11 15:01:14 +0530
Served asset /application.css - 304 Not Modified (0ms)


Started GET "/assets/scaffolds.css?body=1" for 127.0.0.1 at 2012-08-11 15:01:14 +0530
Served asset /scaffolds.css - 304 Not Modified (0ms)


Started GET "/assets/festivals.css?body=1" for 127.0.0.1 at 2012-08-11 15:01:14 +0530
Served asset /festivals.css - 304 Not Modified (0ms)


Started GET "/assets/users.css?body=1" for 127.0.0.1 at 2012-08-11 15:01:14 +0530
Served asset /users.css - 304 Not Modified (0ms)


Started GET "/assets/jquery_ujs.js?body=1" for 127.0.0.1 at 2012-08-11 15:01:14 +0530
Served asset /jquery_ujs.js - 304 Not Modified (0ms)


Started GET "/assets/jquery.js?body=1" for 127.0.0.1 at 2012-08-11 15:01:14 +0530
Served asset /jquery.js - 304 Not Modified (0ms)


Started GET "/assets/festivals.js?body=1" for 127.0.0.1 at 2012-08-11 15:01:14 +0530
Served asset /festivals.js - 304 Not Modified (0ms)


Started GET "/assets/users.js?body=1" for 127.0.0.1 at 2012-08-11 15:01:14 +0530
Served asset /users.js - 304 Not Modified (0ms)


Started GET "/assets/application.js?body=1" for 127.0.0.1 at 2012-08-11 15:01:14 +0530
Served asset /application.js - 304 Not Modified (0ms)


Started GET "/users" for 127.0.0.1 at 2012-08-11 15:01:19 +0530
Processing by UsersController#index as HTML
  [1m[36mUser Load (0.0ms)[0m  [1mSELECT "users".* FROM "users" LIMIT 25 OFFSET 0[0m
  Rendered users/index.html.erb within layouts/application (15.6ms)
Completed 200 OK in 31ms (Views: 15.6ms | ActiveRecord: 0.0ms)


Started GET "/assets/users.css?body=1" for 127.0.0.1 at 2012-08-11 15:01:19 +0530
Served asset /users.css - 304 Not Modified (0ms)


Started GET "/assets/scaffolds.css?body=1" for 127.0.0.1 at 2012-08-11 15:01:19 +0530
Served asset /scaffolds.css - 304 Not Modified (0ms)


Started GET "/assets/application.css?body=1" for 127.0.0.1 at 2012-08-11 15:01:19 +0530
Served asset /application.css - 304 Not Modified (0ms)


Started GET "/assets/festivals.css?body=1" for 127.0.0.1 at 2012-08-11 15:01:19 +0530
Served asset /festivals.css - 304 Not Modified (0ms)


Started GET "/assets/jquery.js?body=1" for 127.0.0.1 at 2012-08-11 15:01:19 +0530
Served asset /jquery.js - 304 Not Modified (0ms)


Started GET "/assets/jquery_ujs.js?body=1" for 127.0.0.1 at 2012-08-11 15:01:19 +0530
Served asset /jquery_ujs.js - 304 Not Modified (0ms)


Started GET "/assets/festivals.js?body=1" for 127.0.0.1 at 2012-08-11 15:01:19 +0530
Served asset /festivals.js - 304 Not Modified (0ms)


Started GET "/assets/users.js?body=1" for 127.0.0.1 at 2012-08-11 15:01:19 +0530
Served asset /users.js - 304 Not Modified (0ms)


Started GET "/assets/application.js?body=1" for 127.0.0.1 at 2012-08-11 15:01:19 +0530
Served asset /application.js - 304 Not Modified (15ms)


Started GET "/users/insertUser?userName=yrkapil&password=[FILTERED]&email=yrkapil@gmail.com" for 127.0.0.1 at 2012-08-11 15:01:46 +0530
Processing by UsersController#insertUser as HTML
  Parameters: {"userName"=>"yrkapil", "password"=>"[FILTERED]", "email"=>"yrkapil@gmail.com"}
  [1m[35m (78.1ms)[0m  INSERT INTO users (userName,password,email,created_at,updated_at) VALUES ('params[:userName]', 'params[:password]', 'params[:email]',current_date,current_date)
  Rendered users/insertUser.html.erb within layouts/application (0.0ms)
Completed 200 OK in 109ms (Views: 31.3ms | ActiveRecord: 78.1ms)


Started GET "/assets/users.css?body=1" for 127.0.0.1 at 2012-08-11 15:01:47 +0530
Served asset /users.css - 304 Not Modified (0ms)


Started GET "/assets/application.css?body=1" for 127.0.0.1 at 2012-08-11 15:01:47 +0530
Served asset /application.css - 304 Not Modified (0ms)


Started GET "/assets/festivals.css?body=1" for 127.0.0.1 at 2012-08-11 15:01:47 +0530
Served asset /festivals.css - 304 Not Modified (0ms)


Started GET "/assets/jquery_ujs.js?body=1" for 127.0.0.1 at 2012-08-11 15:01:47 +0530
Served asset /jquery_ujs.js - 304 Not Modified (0ms)


Started GET "/assets/jquery.js?body=1" for 127.0.0.1 at 2012-08-11 15:01:47 +0530
Served asset /jquery.js - 304 Not Modified (0ms)


Started GET "/assets/scaffolds.css?body=1" for 127.0.0.1 at 2012-08-11 15:01:47 +0530
Served asset /scaffolds.css - 304 Not Modified (0ms)


Started GET "/assets/festivals.js?body=1" for 127.0.0.1 at 2012-08-11 15:01:47 +0530
Served asset /festivals.js - 304 Not Modified (0ms)


Started GET "/assets/users.js?body=1" for 127.0.0.1 at 2012-08-11 15:01:47 +0530
Served asset /users.js - 304 Not Modified (0ms)


Started GET "/assets/application.js?body=1" for 127.0.0.1 at 2012-08-11 15:01:47 +0530
Served asset /application.js - 304 Not Modified (0ms)


Started GET "/users" for 127.0.0.1 at 2012-08-11 15:01:51 +0530
Processing by UsersController#index as HTML
  [1m[36mUser Load (0.0ms)[0m  [1mSELECT "users".* FROM "users" LIMIT 25 OFFSET 0[0m
  Rendered users/index.html.erb within layouts/application (0.0ms)
Completed 200 OK in 94ms (Views: 78.1ms | ActiveRecord: 0.0ms)


Started GET "/assets/scaffolds.css?body=1" for 127.0.0.1 at 2012-08-11 15:01:51 +0530
Served asset /scaffolds.css - 304 Not Modified (0ms)


Started GET "/assets/application.css?body=1" for 127.0.0.1 at 2012-08-11 15:01:51 +0530
Served asset /application.css - 304 Not Modified (15ms)


Started GET "/assets/festivals.css?body=1" for 127.0.0.1 at 2012-08-11 15:01:51 +0530
Served asset /festivals.css - 304 Not Modified (0ms)


Started GET "/assets/jquery.js?body=1" for 127.0.0.1 at 2012-08-11 15:01:51 +0530
Served asset /jquery.js - 304 Not Modified (15ms)


Started GET "/assets/users.css?body=1" for 127.0.0.1 at 2012-08-11 15:01:51 +0530
Served asset /users.css - 304 Not Modified (0ms)


Started GET "/assets/jquery_ujs.js?body=1" for 127.0.0.1 at 2012-08-11 15:01:51 +0530
Served asset /jquery_ujs.js - 304 Not Modified (0ms)


Started GET "/assets/festivals.js?body=1" for 127.0.0.1 at 2012-08-11 15:01:51 +0530
Served asset /festivals.js - 304 Not Modified (0ms)


Started GET "/assets/users.js?body=1" for 127.0.0.1 at 2012-08-11 15:01:51 +0530
Served asset /users.js - 304 Not Modified (0ms)


Started GET "/assets/application.js?body=1" for 127.0.0.1 at 2012-08-11 15:01:51 +0530
Served asset /application.js - 304 Not Modified (0ms)


Started GET "/users/insertUser?userName=yrkapil&password=[FILTERED]&email=yrkapil@gmail.com" for 127.0.0.1 at 2012-08-11 15:02:12 +0530
Processing by UsersController#insertUser as HTML
  Parameters: {"userName"=>"yrkapil", "password"=>"[FILTERED]", "email"=>"yrkapil@gmail.com"}
  [1m[35m (0.0ms)[0m  INSERT INTO users (userName,password,email,created_at,updated_at) VALUES (params[:userName], params[:password], params[:email],current_date,current_date)
SQLite3::SQLException: near "[:userName]": syntax error: INSERT INTO users (userName,password,email,created_at,updated_at) VALUES (params[:userName], params[:password], params[:email],current_date,current_date)
Completed 500 Internal Server Error in 0ms

ActiveRecord::StatementInvalid (SQLite3::SQLException: near "[:userName]": syntax error: INSERT INTO users (userName,password,email,created_at,updated_at) VALUES (params[:userName], params[:password], params[:email],current_date,current_date)):
  app/controllers/users_controller.rb:107:in `insertUser'


  Rendered C:/RoR/Ruby193/lib/ruby/gems/1.9.1/gems/actionpack-3.2.2/lib/action_dispatch/middleware/templates/rescues/_trace.erb (15.6ms)
  Rendered C:/RoR/Ruby193/lib/ruby/gems/1.9.1/gems/actionpack-3.2.2/lib/action_dispatch/middleware/templates/rescues/_request_and_response.erb (0.0ms)
  Rendered C:/RoR/Ruby193/lib/ruby/gems/1.9.1/gems/actionpack-3.2.2/lib/action_dispatch/middleware/templates/rescues/diagnostics.erb within rescues/layout (78.1ms)


Started GET "/users/authenticate?userName=ramy&password=[FILTERED]" for 127.0.0.1 at 2012-08-11 15:03:36 +0530
Processing by UsersController#authenticate as HTML
  Parameters: {"userName"=>"ramy", "password"=>"[FILTERED]"}
  [1m[36mUser Load (0.0ms)[0m  [1mSELECT "users".* FROM "users" WHERE (userName = 'usr' AND password = 'pwd')[0m
Completed 200 OK in 16ms (Views: 0.0ms | ActiveRecord: 0.0ms)


Started GET "/users/authenticate?userName=senthil&password=[FILTERED]" for 127.0.0.1 at 2012-08-11 15:03:47 +0530
Processing by UsersController#authenticate as HTML
  Parameters: {"userName"=>"senthil", "password"=>"[FILTERED]"}
  [1m[35mUser Load (0.0ms)[0m  SELECT "users".* FROM "users" WHERE (userName = 'usr' AND password = 'pwd')
Completed 200 OK in 0ms (Views: 0.0ms | ActiveRecord: 0.0ms)


Started GET "/users" for 127.0.0.1 at 2012-08-11 15:03:51 +0530
Processing by UsersController#index as HTML
  [1m[36mUser Load (0.0ms)[0m  [1mSELECT "users".* FROM "users" LIMIT 25 OFFSET 0[0m
  Rendered users/index.html.erb within layouts/application (15.6ms)
Completed 200 OK in 47ms (Views: 31.3ms | ActiveRecord: 0.0ms)


Started GET "/assets/application.css?body=1" for 127.0.0.1 at 2012-08-11 15:03:52 +0530
Served asset /application.css - 304 Not Modified (0ms)


Started GET "/assets/festivals.css?body=1" for 127.0.0.1 at 2012-08-11 15:03:52 +0530
Served asset /festivals.css - 304 Not Modified (0ms)


Started GET "/assets/scaffolds.css?body=1" for 127.0.0.1 at 2012-08-11 15:03:52 +0530
Served asset /scaffolds.css - 304 Not Modified (0ms)


Started GET "/assets/users.css?body=1" for 127.0.0.1 at 2012-08-11 15:03:52 +0530
Served asset /users.css - 304 Not Modified (15ms)


Started GET "/assets/jquery.js?body=1" for 127.0.0.1 at 2012-08-11 15:03:52 +0530
Served asset /jquery.js - 304 Not Modified (0ms)


Started GET "/assets/jquery_ujs.js?body=1" for 127.0.0.1 at 2012-08-11 15:03:52 +0530
Served asset /jquery_ujs.js - 304 Not Modified (0ms)


Started GET "/assets/festivals.js?body=1" for 127.0.0.1 at 2012-08-11 15:03:52 +0530
Served asset /festivals.js - 304 Not Modified (0ms)


Started GET "/assets/application.js?body=1" for 127.0.0.1 at 2012-08-11 15:03:52 +0530
Served asset /application.js - 304 Not Modified (0ms)


Started GET "/assets/users.js?body=1" for 127.0.0.1 at 2012-08-11 15:03:52 +0530
Served asset /users.js - 304 Not Modified (0ms)


Started GET "/users/authenticate?userName=senthil&password=[FILTERED]" for 127.0.0.1 at 2012-08-11 15:04:02 +0530
Processing by UsersController#authenticate as HTML
  Parameters: {"userName"=>"senthil", "password"=>"[FILTERED]"}
  [1m[35mUser Load (0.0ms)[0m  SELECT "users".* FROM "users" WHERE (userName = 'usr' AND password = 'pwd')
Completed 200 OK in 0ms (Views: 0.0ms | ActiveRecord: 0.0ms)


Started GET "/users/authenticate?userName=senthil&password=[FILTERED]" for 127.0.0.1 at 2012-08-11 15:04:19 +0530
Processing by UsersController#authenticate as HTML
  Parameters: {"userName"=>"senthil", "password"=>"[FILTERED]"}
  [1m[36mUser Load (0.0ms)[0m  [1mSELECT "users".* FROM "users" WHERE (userName = usr AND password = pwd)[0m
SQLite3::SQLException: no such column: usr: SELECT "users".* FROM "users"  WHERE (userName = usr AND password = pwd)
Completed 500 Internal Server Error in 0ms

ActiveRecord::StatementInvalid (SQLite3::SQLException: no such column: usr: SELECT "users".* FROM "users"  WHERE (userName = usr AND password = pwd)):
  app/controllers/users_controller.rb:90:in `authenticate'


  Rendered C:/RoR/Ruby193/lib/ruby/gems/1.9.1/gems/actionpack-3.2.2/lib/action_dispatch/middleware/templates/rescues/_trace.erb (15.6ms)
  Rendered C:/RoR/Ruby193/lib/ruby/gems/1.9.1/gems/actionpack-3.2.2/lib/action_dispatch/middleware/templates/rescues/_request_and_response.erb (0.0ms)
  Rendered C:/RoR/Ruby193/lib/ruby/gems/1.9.1/gems/actionpack-3.2.2/lib/action_dispatch/middleware/templates/rescues/diagnostics.erb within rescues/layout (78.1ms)


Started GET "/users/authenticate?userName=senthil&password=[FILTERED]" for 127.0.0.1 at 2012-08-11 15:04:50 +0530
Processing by UsersController#authenticate as HTML
  Parameters: {"userName"=>"senthil", "password"=>"[FILTERED]"}
  [1m[35mUser Load (0.0ms)[0m  SELECT "users".* FROM "users" WHERE (userName = 'senthil' AND password = 'senthil')
Completed 200 OK in 16ms (Views: 0.0ms | ActiveRecord: 0.0ms)


Started GET "/users/authenticate?userName=senthil&password=[FILTERED]" for 127.0.0.1 at 2012-08-11 15:10:22 +0530
Processing by UsersController#authenticate as HTML
  Parameters: {"userName"=>"senthil", "password"=>"[FILTERED]"}
Completed 500 Internal Server Error in 0ms

ArgumentError (Unknown key: userName):
  app/controllers/users_controller.rb:90:in `authenticate'


  Rendered C:/RoR/Ruby193/lib/ruby/gems/1.9.1/gems/actionpack-3.2.2/lib/action_dispatch/middleware/templates/rescues/_trace.erb (0.0ms)
  Rendered C:/RoR/Ruby193/lib/ruby/gems/1.9.1/gems/actionpack-3.2.2/lib/action_dispatch/middleware/templates/rescues/_request_and_response.erb (0.0ms)
  Rendered C:/RoR/Ruby193/lib/ruby/gems/1.9.1/gems/actionpack-3.2.2/lib/action_dispatch/middleware/templates/rescues/diagnostics.erb within rescues/layout (62.5ms)


Started GET "/users/authenticate?userName=senthil&password=[FILTERED]" for 127.0.0.1 at 2012-08-11 15:10:31 +0530
Processing by UsersController#authenticate as HTML
  Parameters: {"userName"=>"senthil", "password"=>"[FILTERED]"}
Completed 500 Internal Server Error in 0ms

ArgumentError (Unknown key: userName):
  app/controllers/users_controller.rb:90:in `authenticate'


  Rendered C:/RoR/Ruby193/lib/ruby/gems/1.9.1/gems/actionpack-3.2.2/lib/action_dispatch/middleware/templates/rescues/_trace.erb (15.6ms)
  Rendered C:/RoR/Ruby193/lib/ruby/gems/1.9.1/gems/actionpack-3.2.2/lib/action_dispatch/middleware/templates/rescues/_request_and_response.erb (0.0ms)
  Rendered C:/RoR/Ruby193/lib/ruby/gems/1.9.1/gems/actionpack-3.2.2/lib/action_dispatch/middleware/templates/rescues/diagnostics.erb within rescues/layout (78.1ms)


Started GET "/users/authenticate?userName=senthil&password=[FILTERED]" for 127.0.0.1 at 2012-08-11 15:10:43 +0530
Processing by UsersController#authenticate as HTML
  Parameters: {"userName"=>"senthil", "password"=>"[FILTERED]"}
  [1m[36mUser Load (0.0ms)[0m  [1mSELECT "users".* FROM "users" WHERE "users"."id" = ? LIMIT 1[0m  [["id", "senthil"]]
Completed 500 Internal Server Error in 0ms

ActiveRecord::RecordNotFound (Couldn't find User with id=senthil):
  app/controllers/users_controller.rb:90:in `authenticate'


  Rendered C:/RoR/Ruby193/lib/ruby/gems/1.9.1/gems/actionpack-3.2.2/lib/action_dispatch/middleware/templates/rescues/_trace.erb (15.6ms)
  Rendered C:/RoR/Ruby193/lib/ruby/gems/1.9.1/gems/actionpack-3.2.2/lib/action_dispatch/middleware/templates/rescues/_request_and_response.erb (0.0ms)
  Rendered C:/RoR/Ruby193/lib/ruby/gems/1.9.1/gems/actionpack-3.2.2/lib/action_dispatch/middleware/templates/rescues/diagnostics.erb within rescues/layout (109.4ms)


Started GET "/users/authenticate?userName=senthil" for 127.0.0.1 at 2012-08-11 15:10:47 +0530
Processing by UsersController#authenticate as HTML
  Parameters: {"userName"=>"senthil"}
  [1m[35mUser Load (0.0ms)[0m  SELECT "users".* FROM "users" WHERE "users"."id" = ? LIMIT 1  [["id", "senthil"]]
Completed 500 Internal Server Error in 0ms

ActiveRecord::RecordNotFound (Couldn't find User with id=senthil):
  app/controllers/users_controller.rb:90:in `authenticate'


  Rendered C:/RoR/Ruby193/lib/ruby/gems/1.9.1/gems/actionpack-3.2.2/lib/action_dispatch/middleware/templates/rescues/_trace.erb (15.6ms)
  Rendered C:/RoR/Ruby193/lib/ruby/gems/1.9.1/gems/actionpack-3.2.2/lib/action_dispatch/middleware/templates/rescues/_request_and_response.erb (0.0ms)
  Rendered C:/RoR/Ruby193/lib/ruby/gems/1.9.1/gems/actionpack-3.2.2/lib/action_dispatch/middleware/templates/rescues/diagnostics.erb within rescues/layout (109.4ms)


Started GET "/users/authenticate?userName=senthil" for 127.0.0.1 at 2012-08-11 15:11:21 +0530
Processing by UsersController#authenticate as HTML
  Parameters: {"userName"=>"senthil"}
Completed 500 Internal Server Error in 0ms

ArgumentError (Unknown key: userName):
  app/controllers/users_controller.rb:90:in `authenticate'


  Rendered C:/RoR/Ruby193/lib/ruby/gems/1.9.1/gems/actionpack-3.2.2/lib/action_dispatch/middleware/templates/rescues/_trace.erb (0.0ms)
  Rendered C:/RoR/Ruby193/lib/ruby/gems/1.9.1/gems/actionpack-3.2.2/lib/action_dispatch/middleware/templates/rescues/_request_and_response.erb (0.0ms)
  Rendered C:/RoR/Ruby193/lib/ruby/gems/1.9.1/gems/actionpack-3.2.2/lib/action_dispatch/middleware/templates/rescues/diagnostics.erb within rescues/layout (62.5ms)


Started GET "/users/authenticate?userName=senthil" for 127.0.0.1 at 2012-08-11 15:11:40 +0530
Processing by UsersController#authenticate as HTML
  Parameters: {"userName"=>"senthil"}
  [1m[36mUser Load (0.0ms)[0m  [1mSELECT "users".* FROM "users" WHERE (senthil)[0m
SQLite3::SQLException: no such column: senthil: SELECT "users".* FROM "users"  WHERE (senthil)
Completed 500 Internal Server Error in 0ms

ActiveRecord::StatementInvalid (SQLite3::SQLException: no such column: senthil: SELECT "users".* FROM "users"  WHERE (senthil)):
  app/controllers/users_controller.rb:90:in `authenticate'


  Rendered C:/RoR/Ruby193/lib/ruby/gems/1.9.1/gems/actionpack-3.2.2/lib/action_dispatch/middleware/templates/rescues/_trace.erb (0.0ms)
  Rendered C:/RoR/Ruby193/lib/ruby/gems/1.9.1/gems/actionpack-3.2.2/lib/action_dispatch/middleware/templates/rescues/_request_and_response.erb (0.0ms)
  Rendered C:/RoR/Ruby193/lib/ruby/gems/1.9.1/gems/actionpack-3.2.2/lib/action_dispatch/middleware/templates/rescues/diagnostics.erb within rescues/layout (109.4ms)


Started GET "/users/authenticate?userName=senthil" for 127.0.0.1 at 2012-08-11 15:12:09 +0530
Processing by UsersController#authenticate as HTML
  Parameters: {"userName"=>"senthil"}
  [1m[35mUser Load (0.0ms)[0m  SELECT "users".* FROM "users" WHERE (userName = params[:userName])
SQLite3::SQLException: near "[:userName]": syntax error: SELECT "users".* FROM "users"  WHERE (userName = params[:userName])
Completed 500 Internal Server Error in 0ms

ActiveRecord::StatementInvalid (SQLite3::SQLException: near "[:userName]": syntax error: SELECT "users".* FROM "users"  WHERE (userName = params[:userName])):
  app/controllers/users_controller.rb:90:in `authenticate'


  Rendered C:/RoR/Ruby193/lib/ruby/gems/1.9.1/gems/actionpack-3.2.2/lib/action_dispatch/middleware/templates/rescues/_trace.erb (15.6ms)
  Rendered C:/RoR/Ruby193/lib/ruby/gems/1.9.1/gems/actionpack-3.2.2/lib/action_dispatch/middleware/templates/rescues/_request_and_response.erb (0.0ms)
  Rendered C:/RoR/Ruby193/lib/ruby/gems/1.9.1/gems/actionpack-3.2.2/lib/action_dispatch/middleware/templates/rescues/diagnostics.erb within rescues/layout (78.1ms)


Started GET "/users/authenticate?userName=senthil" for 127.0.0.1 at 2012-08-11 15:12:39 +0530
Processing by UsersController#authenticate as HTML
  Parameters: {"userName"=>"senthil"}
  [1m[36mUser Load (0.0ms)[0m  [1mSELECT "users".* FROM "users" WHERE (userName = 'senthil' AND password = '')[0m
Completed 200 OK in 0ms (Views: 0.0ms | ActiveRecord: 0.0ms)


Started GET "/users/authenticate?userName=senthil&password=[FILTERED]" for 127.0.0.1 at 2012-08-11 15:12:50 +0530
Processing by UsersController#authenticate as HTML
  Parameters: {"userName"=>"senthil", "password"=>"[FILTERED]"}
  [1m[35mUser Load (0.0ms)[0m  SELECT "users".* FROM "users" WHERE (userName = 'senthil' AND password = 'senthil')
Completed 200 OK in 16ms (Views: 0.0ms | ActiveRecord: 0.0ms)


Started GET "/users/authenticate?userName=senthil&password=[FILTERED]" for 127.0.0.1 at 2012-08-11 15:21:33 +0530
Processing by UsersController#authenticate as HTML
  Parameters: {"userName"=>"senthil", "password"=>"[FILTERED]"}
  [1m[36mUser Load (0.0ms)[0m  [1mSELECT "users".* FROM "users" WHERE (userName = 'senthil' AND password = 'senthil')[0m
Completed 200 OK in 16ms (Views: 0.0ms | ActiveRecord: 0.0ms)


Started GET "/users/authenticate?userName=senthil&password=[FILTERED]" for 127.0.0.1 at 2012-08-11 15:21:35 +0530
Processing by UsersController#authenticate as HTML
  Parameters: {"userName"=>"senthil", "password"=>"[FILTERED]"}
  [1m[35mUser Load (0.0ms)[0m  SELECT "users".* FROM "users" WHERE (userName = 'senthil' AND password = 'senthil')
Completed 200 OK in 0ms (Views: 0.0ms | ActiveRecord: 0.0ms)


Started GET "/users/authenticate?userName=senthil&password=[FILTERED]" for 127.0.0.1 at 2012-08-11 15:21:39 +0530
Processing by UsersController#authenticate as HTML
  Parameters: {"userName"=>"senthil", "password"=>"[FILTERED]"}
  [1m[36mUser Load (0.0ms)[0m  [1mSELECT "users".* FROM "users" WHERE (userName = 'senthil' AND password = 'sent')[0m
Completed 200 OK in 0ms (Views: 0.0ms | ActiveRecord: 0.0ms)


Started GET "/users/authenticate?userName=senthil&password=[FILTERED]" for 127.0.0.1 at 2012-08-11 15:25:46 +0530
Processing by UsersController#authenticate as HTML
  Parameters: {"userName"=>"senthil", "password"=>"[FILTERED]"}
  [1m[35mUser Load (0.0ms)[0m  SELECT "users".* FROM "users" WHERE (userName = 'senthil' AND password = 'senthil')
Completed 200 OK in 31ms (Views: 31.2ms | ActiveRecord: 0.0ms)


Started GET "/users/authenticate?userName=senthil&password=[FILTERED]" for 127.0.0.1 at 2012-08-11 15:25:50 +0530
Processing by UsersController#authenticate as HTML
  Parameters: {"userName"=>"senthil", "password"=>"[FILTERED]"}
  [1m[36mUser Load (0.0ms)[0m  [1mSELECT "users".* FROM "users" WHERE (userName = 'senthil' AND password = 'sen')[0m
Completed 200 OK in 0ms (Views: 0.0ms | ActiveRecord: 0.0ms)


Started GET "/users/authenticate?userName=senthil&password=[FILTERED]" for 127.0.0.1 at 2012-08-11 15:25:58 +0530
Processing by UsersController#authenticate as HTML
  Parameters: {"userName"=>"senthil", "password"=>"[FILTERED]"}
  [1m[35mUser Load (0.0ms)[0m  SELECT "users".* FROM "users" WHERE (userName = 'senthil' AND password = 'senthil')
Completed 200 OK in 0ms (Views: 0.0ms | ActiveRecord: 0.0ms)


Started GET "/users/authenticate" for 127.0.0.1 at 2012-08-11 15:27:04 +0530
Processing by UsersController#authenticate as HTML
  [1m[36mUser Load (0.0ms)[0m  [1mSELECT "users".* FROM "users" WHERE (userName = NULL AND password = NULL)[0m
Completed 200 OK in 0ms (Views: 0.0ms | ActiveRecord: 0.0ms)


Started GET "/users" for 127.0.0.1 at 2012-08-11 15:47:39 +0530
Processing by UsersController#index as HTML
  [1m[36mUser Load (15.6ms)[0m  [1mSELECT "users".* FROM "users" LIMIT 25 OFFSET 0[0m
  Rendered users/index.html.erb within layouts/application (140.6ms)
Completed 200 OK in 500ms (Views: 484.4ms | ActiveRecord: 15.6ms)


Started GET "/" for 127.0.0.1 at 2012-08-11 15:47:45 +0530
Processing by UsersController#index as HTML
  [1m[35mUser Load (0.0ms)[0m  SELECT "users".* FROM "users" LIMIT 25 OFFSET 0
  Rendered users/index.html.erb within layouts/application (15.6ms)
Completed 200 OK in 47ms (Views: 46.9ms | ActiveRecord: 0.0ms)


Started GET "/assets/application.css?body=1" for 127.0.0.1 at 2012-08-11 15:47:45 +0530
Served asset /application.css - 304 Not Modified (31ms)


Started GET "/assets/festivals.css?body=1" for 127.0.0.1 at 2012-08-11 15:47:45 +0530
Served asset /festivals.css - 304 Not Modified (15ms)


Started GET "/assets/scaffolds.css?body=1" for 127.0.0.1 at 2012-08-11 15:47:46 +0530
Served asset /scaffolds.css - 304 Not Modified (0ms)


Started GET "/assets/users.css?body=1" for 127.0.0.1 at 2012-08-11 15:47:46 +0530
Served asset /users.css - 304 Not Modified (0ms)


Started GET "/assets/jquery.js?body=1" for 127.0.0.1 at 2012-08-11 15:47:46 +0530
Served asset /jquery.js - 304 Not Modified (15ms)


Started GET "/assets/festivals.js?body=1" for 127.0.0.1 at 2012-08-11 15:47:46 +0530
Served asset /festivals.js - 304 Not Modified (15ms)


Started GET "/assets/jquery_ujs.js?body=1" for 127.0.0.1 at 2012-08-11 15:47:46 +0530
Served asset /jquery_ujs.js - 304 Not Modified (15ms)


Started GET "/assets/users.js?body=1" for 127.0.0.1 at 2012-08-11 15:47:46 +0530
Served asset /users.js - 304 Not Modified (0ms)


Started GET "/assets/application.js?body=1" for 127.0.0.1 at 2012-08-11 15:47:46 +0530
Served asset /application.js - 304 Not Modified (109ms)


Started GET "/assets/application.css?body=1" for 127.0.0.1 at 2012-08-11 15:47:46 +0530
Served asset /application.css - 304 Not Modified (0ms)


Started GET "/assets/festivals.css?body=1" for 127.0.0.1 at 2012-08-11 15:47:46 +0530
Served asset /festivals.css - 304 Not Modified (0ms)


Started GET "/assets/scaffolds.css?body=1" for 127.0.0.1 at 2012-08-11 15:47:46 +0530
Served asset /scaffolds.css - 304 Not Modified (0ms)


Started GET "/assets/users.css?body=1" for 127.0.0.1 at 2012-08-11 15:47:46 +0530
Served asset /users.css - 304 Not Modified (0ms)


Started GET "/assets/jquery.js?body=1" for 127.0.0.1 at 2012-08-11 15:47:46 +0530
Served asset /jquery.js - 304 Not Modified (0ms)


Started GET "/assets/festivals.js?body=1" for 127.0.0.1 at 2012-08-11 15:47:46 +0530
Served asset /festivals.js - 304 Not Modified (0ms)


Started GET "/assets/users.js?body=1" for 127.0.0.1 at 2012-08-11 15:47:46 +0530
Served asset /users.js - 304 Not Modified (0ms)


Started GET "/assets/jquery_ujs.js?body=1" for 127.0.0.1 at 2012-08-11 15:47:46 +0530
Served asset /jquery_ujs.js - 304 Not Modified (0ms)


Started GET "/assets/application.js?body=1" for 127.0.0.1 at 2012-08-11 15:47:46 +0530
Served asset /application.js - 304 Not Modified (0ms)


Started GET "/users/authenticate?userName=senthil&password=[FILTERED]" for 127.0.0.1 at 2012-08-11 15:47:47 +0530
Processing by UsersController#authenticate as HTML
  Parameters: {"userName"=>"senthil", "password"=>"[FILTERED]"}
  [1m[36mUser Load (0.0ms)[0m  [1mSELECT "users".* FROM "users" WHERE (userName = 'senthil' AND password = 'senthil')[0m
Completed 200 OK in 16ms (Views: 15.6ms | ActiveRecord: 0.0ms)


Started GET "/users/authenticate?userName=senthil&password=[FILTERED]" for 127.0.0.1 at 2012-08-11 15:47:52 +0530
Processing by UsersController#authenticate as HTML
  Parameters: {"userName"=>"senthil", "password"=>"[FILTERED]"}
  [1m[35mUser Load (0.0ms)[0m  SELECT "users".* FROM "users" WHERE (userName = 'senthil' AND password = 'senth')
Completed 200 OK in 0ms (Views: 0.0ms | ActiveRecord: 0.0ms)


Started GET "/users/destroy/4" for 127.0.0.1 at 2012-08-11 15:48:16 +0530
Processing by UsersController#destroy as HTML
  Parameters: {"id"=>"4"}
  [1m[36mUser Load (0.0ms)[0m  [1mSELECT "users".* FROM "users" WHERE "users"."id" = ? LIMIT 1[0m  [["id", "4"]]
  [1m[35m (0.0ms)[0m  begin transaction
  [1m[36mSQL (78.1ms)[0m  [1mDELETE FROM "users" WHERE "users"."id" = ?[0m  [["id", 4]]
  [1m[35m (218.7ms)[0m  commit transaction
Redirected to http://localhost:3000/users
Completed 302 Found in 297ms (ActiveRecord: 296.9ms)


Started GET "/users" for 127.0.0.1 at 2012-08-11 15:48:16 +0530
Processing by UsersController#index as HTML
  [1m[36mUser Load (0.0ms)[0m  [1mSELECT "users".* FROM "users" LIMIT 25 OFFSET 0[0m
  Rendered users/index.html.erb within layouts/application (15.6ms)
Completed 200 OK in 31ms (Views: 31.2ms | ActiveRecord: 0.0ms)


Started GET "/assets/scaffolds.css?body=1" for 127.0.0.1 at 2012-08-11 15:48:17 +0530
Served asset /scaffolds.css - 304 Not Modified (15ms)


Started GET "/assets/festivals.css?body=1" for 127.0.0.1 at 2012-08-11 15:48:17 +0530
Served asset /festivals.css - 304 Not Modified (0ms)


Started GET "/assets/application.css?body=1" for 127.0.0.1 at 2012-08-11 15:48:17 +0530
Served asset /application.css - 304 Not Modified (0ms)


Started GET "/assets/users.css?body=1" for 127.0.0.1 at 2012-08-11 15:48:17 +0530
Served asset /users.css - 304 Not Modified (0ms)


Started GET "/assets/jquery.js?body=1" for 127.0.0.1 at 2012-08-11 15:48:17 +0530
Served asset /jquery.js - 304 Not Modified (0ms)


Started GET "/assets/jquery_ujs.js?body=1" for 127.0.0.1 at 2012-08-11 15:48:17 +0530
Served asset /jquery_ujs.js - 304 Not Modified (0ms)


Started GET "/assets/festivals.js?body=1" for 127.0.0.1 at 2012-08-11 15:48:17 +0530
Served asset /festivals.js - 304 Not Modified (0ms)


Started GET "/assets/users.js?body=1" for 127.0.0.1 at 2012-08-11 15:48:17 +0530
Served asset /users.js - 304 Not Modified (0ms)


Started GET "/assets/application.js?body=1" for 127.0.0.1 at 2012-08-11 15:48:17 +0530
Served asset /application.js - 304 Not Modified (0ms)


Started GET "/users/authenticate?username=senthil&password=[FILTERED]&callback=Ext.data.JsonP.callback2&_dc=1344680510166" for 127.0.0.1 at 2012-08-11 15:51:50 +0530
Processing by UsersController#authenticate as */*
  Parameters: {"username"=>"senthil", "password"=>"[FILTERED]", "callback"=>"Ext.data.JsonP.callback2", "_dc"=>"1344680510166"}
  [1m[35mUser Load (0.0ms)[0m  SELECT "users".* FROM "users" WHERE (userName = NULL AND password = 'senthil')
Completed 200 OK in 0ms (Views: 0.0ms | ActiveRecord: 0.0ms)


Started GET "/users/authenticate?username=senthil&password=[FILTERED]&callback=Ext.data.JsonP.callback3&_dc=1344680527282" for 127.0.0.1 at 2012-08-11 15:52:07 +0530
Processing by UsersController#authenticate as */*
  Parameters: {"username"=>"senthil", "password"=>"[FILTERED]", "callback"=>"Ext.data.JsonP.callback3", "_dc"=>"1344680527282"}
  [1m[36mUser Load (0.0ms)[0m  [1mSELECT "users".* FROM "users" WHERE (userName = NULL AND password = 'senthil')[0m
Completed 200 OK in 0ms (Views: 0.0ms | ActiveRecord: 0.0ms)


Started GET "/users/authenticate?username=senthil&password=[FILTERED]&callback=Ext.data.JsonP.callback2&_dc=1344680559714" for 127.0.0.1 at 2012-08-11 15:52:39 +0530
Processing by UsersController#authenticate as */*
  Parameters: {"username"=>"senthil", "password"=>"[FILTERED]", "callback"=>"Ext.data.JsonP.callback2", "_dc"=>"1344680559714"}
  [1m[35mUser Load (0.0ms)[0m  SELECT "users".* FROM "users" WHERE (userName = NULL AND password = 'senthil')
Completed 200 OK in 0ms (Views: 0.0ms | ActiveRecord: 0.0ms)


Started GET "/users/authenticate?username=senthil&password=[FILTERED]&callback=Ext.data.JsonP.callback2&_dc=1344680559714" for 127.0.0.1 at 2012-08-11 15:53:04 +0530
Processing by UsersController#authenticate as HTML
  Parameters: {"username"=>"senthil", "password"=>"[FILTERED]", "callback"=>"Ext.data.JsonP.callback2", "_dc"=>"1344680559714"}
  [1m[36mUser Load (0.0ms)[0m  [1mSELECT "users".* FROM "users" WHERE (userName = NULL AND password = 'senthil')[0m
Completed 200 OK in 0ms (Views: 0.0ms | ActiveRecord: 0.0ms)


Started GET "/users/authenticate?username=senthil&password=[FILTERED]&callback=Ext.data.JsonP.callback3&_dc=1344680607760" for 127.0.0.1 at 2012-08-11 15:53:27 +0530
Processing by UsersController#authenticate as */*
  Parameters: {"username"=>"senthil", "password"=>"[FILTERED]", "callback"=>"Ext.data.JsonP.callback3", "_dc"=>"1344680607760"}
  [1m[35mUser Load (0.0ms)[0m  SELECT "users".* FROM "users" WHERE (userName = NULL AND password = 'senthil')
Completed 200 OK in 0ms (Views: 0.0ms | ActiveRecord: 0.0ms)


Started GET "/users/authenticate?username=senthil&password=[FILTERED]&callback=Ext.data.JsonP.callback2&_dc=1344680620767" for 127.0.0.1 at 2012-08-11 15:53:40 +0530
Processing by UsersController#authenticate as */*
  Parameters: {"username"=>"senthil", "password"=>"[FILTERED]", "callback"=>"Ext.data.JsonP.callback2", "_dc"=>"1344680620767"}
  [1m[36mUser Load (0.0ms)[0m  [1mSELECT "users".* FROM "users" WHERE (userName = NULL AND password = 'senthil')[0m
Completed 200 OK in 0ms (Views: 0.0ms | ActiveRecord: 0.0ms)


Started GET "/users/authenticate?username=senthil&password=[FILTERED]&callback=Ext.data.JsonP.callback2&_dc=1344680620767" for 127.0.0.1 at 2012-08-11 15:53:52 +0530
Processing by UsersController#authenticate as HTML
  Parameters: {"username"=>"senthil", "password"=>"[FILTERED]", "callback"=>"Ext.data.JsonP.callback2", "_dc"=>"1344680620767"}
  [1m[35mUser Load (0.0ms)[0m  SELECT "users".* FROM "users" WHERE (userName = NULL AND password = 'senthil')
Completed 200 OK in 0ms (Views: 0.0ms | ActiveRecord: 0.0ms)


Started GET "/users/authenticate?username=senthil&password=[FILTERED]" for 127.0.0.1 at 2012-08-11 15:54:05 +0530
Processing by UsersController#authenticate as HTML
  Parameters: {"username"=>"senthil", "password"=>"[FILTERED]"}
  [1m[36mUser Load (0.0ms)[0m  [1mSELECT "users".* FROM "users" WHERE (userName = NULL AND password = 'senthil')[0m
Completed 200 OK in 0ms (Views: 0.0ms | ActiveRecord: 0.0ms)


Started GET "/users" for 127.0.0.1 at 2012-08-11 15:54:14 +0530
Processing by UsersController#index as HTML
  [1m[35mUser Load (0.0ms)[0m  SELECT "users".* FROM "users" LIMIT 25 OFFSET 0
  Rendered users/index.html.erb within layouts/application (0.0ms)
Completed 200 OK in 47ms (Views: 31.2ms | ActiveRecord: 0.0ms)


Started GET "/assets/application.css?body=1" for 127.0.0.1 at 2012-08-11 15:54:14 +0530
Served asset /application.css - 304 Not Modified (0ms)


Started GET "/assets/festivals.css?body=1" for 127.0.0.1 at 2012-08-11 15:54:14 +0530
Served asset /festivals.css - 304 Not Modified (0ms)


Started GET "/assets/scaffolds.css?body=1" for 127.0.0.1 at 2012-08-11 15:54:14 +0530
Served asset /scaffolds.css - 304 Not Modified (0ms)


Started GET "/assets/jquery.js?body=1" for 127.0.0.1 at 2012-08-11 15:54:14 +0530
Served asset /jquery.js - 304 Not Modified (0ms)


Started GET "/assets/users.css?body=1" for 127.0.0.1 at 2012-08-11 15:54:14 +0530
Served asset /users.css - 304 Not Modified (0ms)


Started GET "/assets/jquery_ujs.js?body=1" for 127.0.0.1 at 2012-08-11 15:54:14 +0530
Served asset /jquery_ujs.js - 304 Not Modified (0ms)


Started GET "/assets/festivals.js?body=1" for 127.0.0.1 at 2012-08-11 15:54:14 +0530
Served asset /festivals.js - 304 Not Modified (0ms)


Started GET "/assets/users.js?body=1" for 127.0.0.1 at 2012-08-11 15:54:14 +0530
Served asset /users.js - 304 Not Modified (0ms)


Started GET "/assets/application.js?body=1" for 127.0.0.1 at 2012-08-11 15:54:14 +0530
Served asset /application.js - 304 Not Modified (0ms)


Started GET "/users/authenticate?userName=senthil&password=[FILTERED]&callback=Ext.data.JsonP.callback2&_dc=1344680688704" for 127.0.0.1 at 2012-08-11 15:54:48 +0530
Processing by UsersController#authenticate as */*
  Parameters: {"userName"=>"senthil", "password"=>"[FILTERED]", "callback"=>"Ext.data.JsonP.callback2", "_dc"=>"1344680688704"}
  [1m[36mUser Load (0.0ms)[0m  [1mSELECT "users".* FROM "users" WHERE (userName = 'senthil' AND password = 'senthil')[0m
Completed 200 OK in 0ms (Views: 0.0ms | ActiveRecord: 0.0ms)


Started GET "/users/authenticate?userName=senthil&password=[FILTERED]&callback=Ext.data.JsonP.callback2&_dc=1344680869431" for 127.0.0.1 at 2012-08-11 15:57:49 +0530
Processing by UsersController#authenticate as */*
  Parameters: {"userName"=>"senthil", "password"=>"[FILTERED]", "callback"=>"Ext.data.JsonP.callback2", "_dc"=>"1344680869431"}
  [1m[35mUser Load (0.0ms)[0m  SELECT "users".* FROM "users" WHERE (userName = 'senthil' AND password = 'senthil')
Completed 200 OK in 0ms (Views: 0.0ms | ActiveRecord: 0.0ms)
