  [1m[36m (0.0ms)[0m  [1mselect sqlite_version(*)[0m
  [1m[35m (78.1ms)[0m  CREATE TABLE "schema_migrations" ("version" varchar(255) NOT NULL) 
  [1m[36m (0.0ms)[0m  [1mPRAGMA index_list("schema_migrations")[0m
  [1m[35m (109.4ms)[0m  CREATE UNIQUE INDEX "unique_schema_migrations" ON "schema_migrations" ("version")
  [1m[36m (0.0ms)[0m  [1mSELECT "schema_migrations"."version" FROM "schema_migrations" [0m
Migrating to CreateFestivals (20120813093928)
  [1m[35m (0.0ms)[0m  begin transaction
  [1m[36m (0.0ms)[0m  [1mCREATE TABLE "festivals" ("id" INTEGER PRIMARY KEY AUTOINCREMENT NOT NULL, "name" varchar(255), "details" varchar(255), "city" varchar(255), "period" varchar(255), "timings" varchar(255), "telephone" varchar(255), "created_at" datetime NOT NULL, "updated_at" datetime NOT NULL) [0m
  [1m[35m (0.0ms)[0m  INSERT INTO "schema_migrations" ("version") VALUES ('20120813093928')
  [1m[36m (265.6ms)[0m  [1mcommit transaction[0m
Migrating to CreateUsers (20120813094046)
  [1m[35m (0.0ms)[0m  begin transaction
  [1m[36m (0.0ms)[0m  [1mCREATE TABLE "users" ("id" INTEGER PRIMARY KEY AUTOINCREMENT NOT NULL, "username" varchar(255), "email" varchar(255), "password" varchar(255), "created_at" datetime NOT NULL, "updated_at" datetime NOT NULL) [0m
  [1m[35m (0.0ms)[0m  INSERT INTO "schema_migrations" ("version") VALUES ('20120813094046')
  [1m[36m (109.4ms)[0m  [1mcommit transaction[0m
  [1m[35m (0.0ms)[0m  select sqlite_version(*)
  [1m[36m (0.0ms)[0m  [1mSELECT "schema_migrations"."version" FROM "schema_migrations" [0m
  [1m[35m (0.0ms)[0m  PRAGMA index_list("festivals")
  [1m[36m (0.0ms)[0m  [1mPRAGMA index_list("users")[0m


Started POST "/users/saveUser" for 127.0.0.1 at 2012-08-13 17:54:22 +0530
Processing by UsersController#saveUser as */*
  Parameters: {"id"=>"", "username"=>"hung", "password"=>"[FILTERED]", "email"=>"hung"}
WARNING: Can't verify CSRF token authenticity
Completed 500 Internal Server Error in 359ms

NameError (undefined local variable or method `null' for #<UsersController:0x20fe710>):
  app/controllers/users_controller.rb:144:in `saveUser'


  Rendered C:/RoR/Ruby193/lib/ruby/gems/1.9.1/gems/actionpack-3.2.2/lib/action_dispatch/middleware/templates/rescues/_trace.erb (15.6ms)
  Rendered C:/RoR/Ruby193/lib/ruby/gems/1.9.1/gems/actionpack-3.2.2/lib/action_dispatch/middleware/templates/rescues/_request_and_response.erb (0.0ms)
  Rendered C:/RoR/Ruby193/lib/ruby/gems/1.9.1/gems/actionpack-3.2.2/lib/action_dispatch/middleware/templates/rescues/diagnostics.erb within rescues/layout (203.1ms)


Started POST "/users/saveUser" for 127.0.0.1 at 2012-08-13 17:55:44 +0530
Processing by UsersController#saveUser as */*
  Parameters: {"id"=>"", "username"=>"hung", "password"=>"[FILTERED]", "email"=>"hung"}
WARNING: Can't verify CSRF token authenticity
  [1m[36m (140.6ms)[0m  [1mINSERT INTO users (username,password,email,created_at,updated_at) VALUES ('hung', 'hung', 'hung',current_date,current_date)[0m
  [1m[35m (140.6ms)[0m  INSERT INTO users (username,password,email,created_at,updated_at) VALUES ('hung', 'hung', 'hung',current_date,current_date)
Completed 200 OK in 281ms (Views: 0.0ms | ActiveRecord: 281.2ms)


Started GET "/" for 127.0.0.1 at 2012-08-13 18:00:00 +0530
Processing by UsersController#index as HTML
  [1m[36mUser Load (0.0ms)[0m  [1mSELECT "users".* FROM "users" LIMIT 25 OFFSET 0[0m
  Rendered users/index.html.erb within layouts/application (0.0ms)
Compiled festivals.css  (687ms)  (pid 8100)
Compiled scaffolds.css  (156ms)  (pid 8100)
Compiled users.css  (234ms)  (pid 8100)
Compiled application.css  (3406ms)  (pid 8100)
Compiled jquery.js  (15ms)  (pid 8100)
Compiled jquery_ujs.js  (0ms)  (pid 8100)
Compiled festivals.js  (2265ms)  (pid 8100)
Compiled users.js  (687ms)  (pid 8100)
Compiled application.js  (5578ms)  (pid 8100)
Completed 200 OK in 11359ms (Views: 11296.7ms | ActiveRecord: 0.0ms)


Started GET "/assets/application.css?body=1" for 127.0.0.1 at 2012-08-13 18:00:12 +0530
Served asset /application.css - 200 OK (15ms)


Started GET "/assets/jquery.js?body=1" for 127.0.0.1 at 2012-08-13 18:00:13 +0530
Served asset /jquery.js - 200 OK (78ms)


Started GET "/assets/festivals.css?body=1" for 127.0.0.1 at 2012-08-13 18:00:13 +0530
Served asset /festivals.css - 200 OK (0ms)


Started GET "/assets/scaffolds.css?body=1" for 127.0.0.1 at 2012-08-13 18:00:13 +0530
Served asset /scaffolds.css - 200 OK (15ms)


Started GET "/assets/users.css?body=1" for 127.0.0.1 at 2012-08-13 18:00:13 +0530
Served asset /users.css - 200 OK (0ms)


Started GET "/assets/jquery_ujs.js?body=1" for 127.0.0.1 at 2012-08-13 18:00:13 +0530
Served asset /jquery_ujs.js - 200 OK (15ms)


Started GET "/assets/festivals.js?body=1" for 127.0.0.1 at 2012-08-13 18:00:13 +0530
Served asset /festivals.js - 200 OK (0ms)


Started GET "/assets/users.js?body=1" for 127.0.0.1 at 2012-08-13 18:00:13 +0530
Served asset /users.js - 200 OK (0ms)


Started GET "/assets/application.js?body=1" for 127.0.0.1 at 2012-08-13 18:00:13 +0530
Served asset /application.js - 200 OK (31ms)


Started GET "/" for 127.0.0.1 at 2012-08-13 18:00:59 +0530
Processing by UsersController#index as HTML
  [1m[35mUser Load (0.0ms)[0m  SELECT "users".* FROM "users" LIMIT 25 OFFSET 0
  Rendered users/index.html.erb within layouts/application (15.6ms)
Completed 200 OK in 31ms (Views: 15.6ms | ActiveRecord: 0.0ms)


Started GET "/assets/application.css?body=1" for 127.0.0.1 at 2012-08-13 18:01:00 +0530
Served asset /application.css - 304 Not Modified (0ms)


Started GET "/assets/festivals.css?body=1" for 127.0.0.1 at 2012-08-13 18:01:00 +0530
Served asset /festivals.css - 304 Not Modified (0ms)


Started GET "/assets/scaffolds.css?body=1" for 127.0.0.1 at 2012-08-13 18:01:00 +0530
Served asset /scaffolds.css - 304 Not Modified (0ms)


Started GET "/assets/users.css?body=1" for 127.0.0.1 at 2012-08-13 18:01:00 +0530
Served asset /users.css - 304 Not Modified (0ms)


Started GET "/assets/jquery.js?body=1" for 127.0.0.1 at 2012-08-13 18:01:00 +0530
Served asset /jquery.js - 304 Not Modified (0ms)


Started GET "/assets/jquery_ujs.js?body=1" for 127.0.0.1 at 2012-08-13 18:01:00 +0530
Served asset /jquery_ujs.js - 304 Not Modified (0ms)


Started GET "/assets/festivals.js?body=1" for 127.0.0.1 at 2012-08-13 18:01:00 +0530
Served asset /festivals.js - 304 Not Modified (15ms)


Started GET "/assets/users.js?body=1" for 127.0.0.1 at 2012-08-13 18:01:00 +0530
Served asset /users.js - 304 Not Modified (0ms)


Started GET "/assets/application.js?body=1" for 127.0.0.1 at 2012-08-13 18:01:00 +0530
Served asset /application.js - 304 Not Modified (0ms)


Started POST "/users/saveUser" for 127.0.0.1 at 2012-08-13 18:01:25 +0530
Processing by UsersController#saveUser as */*
  Parameters: {"id"=>"", "username"=>"sdfsdf", "password"=>"[FILTERED]", "email"=>"dsfsfd"}
WARNING: Can't verify CSRF token authenticity
  [1m[36mUser Load (0.0ms)[0m  [1mSELECT "users".* FROM "users" WHERE "users"."id" = ? LIMIT 1[0m  [["id", ""]]
Completed 500 Internal Server Error in 16ms

ActiveRecord::RecordNotFound (Couldn't find User with id=):
  app/controllers/users_controller.rb:146:in `saveUser'


  Rendered C:/RoR/Ruby193/lib/ruby/gems/1.9.1/gems/actionpack-3.2.2/lib/action_dispatch/middleware/templates/rescues/_trace.erb (15.6ms)
  Rendered C:/RoR/Ruby193/lib/ruby/gems/1.9.1/gems/actionpack-3.2.2/lib/action_dispatch/middleware/templates/rescues/_request_and_response.erb (0.0ms)
  Rendered C:/RoR/Ruby193/lib/ruby/gems/1.9.1/gems/actionpack-3.2.2/lib/action_dispatch/middleware/templates/rescues/diagnostics.erb within rescues/layout (171.9ms)


Started GET "/" for 127.0.0.1 at 2012-08-13 18:01:29 +0530
Processing by UsersController#index as HTML
  [1m[35mUser Load (0.0ms)[0m  SELECT "users".* FROM "users" LIMIT 25 OFFSET 0
  Rendered users/index.html.erb within layouts/application (0.0ms)
Completed 200 OK in 47ms (Views: 31.2ms | ActiveRecord: 0.0ms)


Started GET "/assets/scaffolds.css?body=1" for 127.0.0.1 at 2012-08-13 18:01:29 +0530
Served asset /scaffolds.css - 304 Not Modified (0ms)


Started GET "/assets/application.css?body=1" for 127.0.0.1 at 2012-08-13 18:01:30 +0530
Served asset /application.css - 304 Not Modified (0ms)


Started GET "/assets/festivals.css?body=1" for 127.0.0.1 at 2012-08-13 18:01:30 +0530
Served asset /festivals.css - 304 Not Modified (0ms)


Started GET "/assets/jquery.js?body=1" for 127.0.0.1 at 2012-08-13 18:01:30 +0530
Served asset /jquery.js - 304 Not Modified (0ms)


Started GET "/assets/users.css?body=1" for 127.0.0.1 at 2012-08-13 18:01:30 +0530
Served asset /users.css - 304 Not Modified (0ms)


Started GET "/assets/festivals.js?body=1" for 127.0.0.1 at 2012-08-13 18:01:30 +0530
Served asset /festivals.js - 304 Not Modified (0ms)


Started GET "/assets/jquery_ujs.js?body=1" for 127.0.0.1 at 2012-08-13 18:01:30 +0530
Served asset /jquery_ujs.js - 304 Not Modified (0ms)


Started GET "/assets/users.js?body=1" for 127.0.0.1 at 2012-08-13 18:01:30 +0530
Served asset /users.js - 304 Not Modified (0ms)


Started GET "/assets/application.js?body=1" for 127.0.0.1 at 2012-08-13 18:01:30 +0530
Served asset /application.js - 304 Not Modified (0ms)


Started GET "/" for 127.0.0.1 at 2012-08-13 18:01:34 +0530
Processing by UsersController#index as HTML
  [1m[36mUser Load (0.0ms)[0m  [1mSELECT "users".* FROM "users" LIMIT 25 OFFSET 0[0m
  Rendered users/index.html.erb within layouts/application (15.6ms)
Completed 200 OK in 47ms (Views: 46.9ms | ActiveRecord: 0.0ms)


Started GET "/assets/application.css?body=1" for 127.0.0.1 at 2012-08-13 18:01:34 +0530
Served asset /application.css - 304 Not Modified (0ms)


Started GET "/assets/jquery.js?body=1" for 127.0.0.1 at 2012-08-13 18:01:35 +0530
Served asset /jquery.js - 304 Not Modified (0ms)


Started GET "/assets/scaffolds.css?body=1" for 127.0.0.1 at 2012-08-13 18:01:35 +0530
Served asset /scaffolds.css - 304 Not Modified (0ms)


Started GET "/assets/users.css?body=1" for 127.0.0.1 at 2012-08-13 18:01:35 +0530
Served asset /users.css - 304 Not Modified (0ms)


Started GET "/assets/festivals.css?body=1" for 127.0.0.1 at 2012-08-13 18:01:35 +0530
Served asset /festivals.css - 304 Not Modified (0ms)


Started GET "/assets/festivals.js?body=1" for 127.0.0.1 at 2012-08-13 18:01:35 +0530
Served asset /festivals.js - 304 Not Modified (0ms)


Started GET "/assets/jquery_ujs.js?body=1" for 127.0.0.1 at 2012-08-13 18:01:35 +0530
Served asset /jquery_ujs.js - 304 Not Modified (0ms)


Started GET "/assets/users.js?body=1" for 127.0.0.1 at 2012-08-13 18:01:35 +0530
Served asset /users.js - 304 Not Modified (0ms)


Started GET "/assets/application.js?body=1" for 127.0.0.1 at 2012-08-13 18:01:35 +0530
Served asset /application.js - 304 Not Modified (0ms)


Started POST "/users/saveUser" for 127.0.0.1 at 2012-08-13 18:04:54 +0530
Processing by UsersController#saveUser as */*
  Parameters: {"id"=>"", "username"=>"sdfsdf", "password"=>"[FILTERED]", "email"=>"sdfsdf"}
WARNING: Can't verify CSRF token authenticity
  [1m[35mUser Load (0.0ms)[0m  SELECT "users".* FROM "users" WHERE "users"."id" = ? LIMIT 1  [["id", ""]]
Completed 500 Internal Server Error in 0ms

ActiveRecord::RecordNotFound (Couldn't find User with id=):
  app/controllers/users_controller.rb:146:in `saveUser'


  Rendered C:/RoR/Ruby193/lib/ruby/gems/1.9.1/gems/actionpack-3.2.2/lib/action_dispatch/middleware/templates/rescues/_trace.erb (0.0ms)
  Rendered C:/RoR/Ruby193/lib/ruby/gems/1.9.1/gems/actionpack-3.2.2/lib/action_dispatch/middleware/templates/rescues/_request_and_response.erb (0.0ms)
  Rendered C:/RoR/Ruby193/lib/ruby/gems/1.9.1/gems/actionpack-3.2.2/lib/action_dispatch/middleware/templates/rescues/diagnostics.erb within rescues/layout (78.1ms)


Started GET "/" for 127.0.0.1 at 2012-08-13 18:06:52 +0530
Processing by UsersController#index as HTML
  [1m[36mUser Load (0.0ms)[0m  [1mSELECT "users".* FROM "users" LIMIT 25 OFFSET 0[0m
  Rendered users/index.html.erb within layouts/application (15.6ms)
Completed 200 OK in 62ms (Views: 46.9ms | ActiveRecord: 0.0ms)


Started GET "/assets/festivals.css?body=1" for 127.0.0.1 at 2012-08-13 18:06:52 +0530
Served asset /festivals.css - 304 Not Modified (0ms)


Started GET "/assets/users.css?body=1" for 127.0.0.1 at 2012-08-13 18:06:52 +0530
Served asset /users.css - 304 Not Modified (0ms)


Started GET "/assets/application.css?body=1" for 127.0.0.1 at 2012-08-13 18:06:52 +0530
Served asset /application.css - 304 Not Modified (0ms)


Started GET "/assets/scaffolds.css?body=1" for 127.0.0.1 at 2012-08-13 18:06:53 +0530
Served asset /scaffolds.css - 304 Not Modified (0ms)


Started GET "/assets/jquery.js?body=1" for 127.0.0.1 at 2012-08-13 18:06:53 +0530
Served asset /jquery.js - 304 Not Modified (0ms)


Started GET "/assets/jquery_ujs.js?body=1" for 127.0.0.1 at 2012-08-13 18:06:53 +0530
Served asset /jquery_ujs.js - 304 Not Modified (0ms)


Started GET "/assets/users.js?body=1" for 127.0.0.1 at 2012-08-13 18:06:53 +0530
Served asset /users.js - 304 Not Modified (0ms)


Started GET "/assets/festivals.js?body=1" for 127.0.0.1 at 2012-08-13 18:06:53 +0530
Served asset /festivals.js - 304 Not Modified (0ms)


Started GET "/assets/application.js?body=1" for 127.0.0.1 at 2012-08-13 18:06:53 +0530
Served asset /application.js - 304 Not Modified (0ms)


Started POST "/users/saveUser" for 127.0.0.1 at 2012-08-13 18:07:25 +0530
Processing by UsersController#saveUser as */*
  Parameters: {"id"=>"", "username"=>"sdfsdf", "password"=>"[FILTERED]", "email"=>"sdfsdf"}
WARNING: Can't verify CSRF token authenticity
  [1m[35m (140.6ms)[0m  INSERT INTO users (username,password,email,created_at,updated_at) VALUES ('sdfsdf', 'sdfsdf', 'sdfsdf',current_date,current_date)
  [1m[36m (140.6ms)[0m  [1mINSERT INTO users (username,password,email,created_at,updated_at) VALUES ('sdfsdf', 'sdfsdf', 'sdfsdf',current_date,current_date)[0m
Completed 200 OK in 281ms (Views: 0.0ms | ActiveRecord: 281.2ms)


Started GET "/" for 127.0.0.1 at 2012-08-13 18:07:34 +0530
Processing by UsersController#index as HTML
  [1m[35mUser Load (0.0ms)[0m  SELECT "users".* FROM "users" LIMIT 25 OFFSET 0
  Rendered users/index.html.erb within layouts/application (93.7ms)
Completed 200 OK in 109ms (Views: 109.4ms | ActiveRecord: 0.0ms)


Started GET "/assets/jquery.js?body=1" for 127.0.0.1 at 2012-08-13 18:07:35 +0530
Served asset /jquery.js - 304 Not Modified (0ms)


Started GET "/assets/users.css?body=1" for 127.0.0.1 at 2012-08-13 18:07:35 +0530
Served asset /users.css - 304 Not Modified (0ms)


Started GET "/assets/application.css?body=1" for 127.0.0.1 at 2012-08-13 18:07:35 +0530
Served asset /application.css - 304 Not Modified (0ms)


Started GET "/assets/festivals.css?body=1" for 127.0.0.1 at 2012-08-13 18:07:35 +0530
Served asset /festivals.css - 304 Not Modified (0ms)


Started GET "/assets/jquery_ujs.js?body=1" for 127.0.0.1 at 2012-08-13 18:07:35 +0530
Served asset /jquery_ujs.js - 304 Not Modified (0ms)


Started GET "/assets/scaffolds.css?body=1" for 127.0.0.1 at 2012-08-13 18:07:35 +0530
Served asset /scaffolds.css - 304 Not Modified (15ms)


Started GET "/assets/festivals.js?body=1" for 127.0.0.1 at 2012-08-13 18:07:35 +0530
Served asset /festivals.js - 304 Not Modified (0ms)


Started GET "/assets/users.js?body=1" for 127.0.0.1 at 2012-08-13 18:07:35 +0530
Served asset /users.js - 304 Not Modified (0ms)


Started GET "/assets/application.js?body=1" for 127.0.0.1 at 2012-08-13 18:07:35 +0530
Served asset /application.js - 304 Not Modified (0ms)


Started GET "/" for 127.0.0.1 at 2012-08-13 18:08:12 +0530
Processing by UsersController#index as HTML
  [1m[36mUser Load (0.0ms)[0m  [1mSELECT "users".* FROM "users" LIMIT 25 OFFSET 0[0m
  Rendered users/index.html.erb within layouts/application (15.6ms)
Completed 200 OK in 62ms (Views: 46.9ms | ActiveRecord: 0.0ms)


Started GET "/assets/application.css?body=1" for 127.0.0.1 at 2012-08-13 18:08:13 +0530
Served asset /application.css - 304 Not Modified (0ms)


Started GET "/assets/users.css?body=1" for 127.0.0.1 at 2012-08-13 18:08:13 +0530
Served asset /users.css - 304 Not Modified (0ms)


Started GET "/assets/festivals.css?body=1" for 127.0.0.1 at 2012-08-13 18:08:13 +0530
Served asset /festivals.css - 304 Not Modified (0ms)


Started GET "/assets/scaffolds.css?body=1" for 127.0.0.1 at 2012-08-13 18:08:13 +0530
Served asset /scaffolds.css - 304 Not Modified (0ms)


Started GET "/assets/jquery.js?body=1" for 127.0.0.1 at 2012-08-13 18:08:13 +0530
Served asset /jquery.js - 304 Not Modified (0ms)


Started GET "/assets/jquery_ujs.js?body=1" for 127.0.0.1 at 2012-08-13 18:08:13 +0530
Served asset /jquery_ujs.js - 304 Not Modified (15ms)


Started GET "/assets/users.js?body=1" for 127.0.0.1 at 2012-08-13 18:08:13 +0530
Served asset /users.js - 304 Not Modified (0ms)


Started GET "/assets/festivals.js?body=1" for 127.0.0.1 at 2012-08-13 18:08:13 +0530
Served asset /festivals.js - 304 Not Modified (0ms)


Started GET "/assets/application.js?body=1" for 127.0.0.1 at 2012-08-13 18:08:13 +0530
Served asset /application.js - 304 Not Modified (0ms)


Started POST "/users/saveUser" for 127.0.0.1 at 2012-08-13 18:08:48 +0530
Processing by UsersController#saveUser as */*
  Parameters: {"id"=>"", "username"=>"sdfsdf", "password"=>"[FILTERED]", "email"=>"sdfsdf"}
WARNING: Can't verify CSRF token authenticity
  [1m[35m (125.0ms)[0m  INSERT INTO users (username,password,email,created_at,updated_at) VALUES ('sdfsdf', 'sdfsdf', 'sdfsdf',current_date,current_date)
  [1m[36m (125.0ms)[0m  [1mINSERT INTO users (username,password,email,created_at,updated_at) VALUES ('sdfsdf', 'sdfsdf', 'sdfsdf',current_date,current_date)[0m
Completed 200 OK in 250ms (Views: 0.0ms | ActiveRecord: 250.0ms)


Started GET "/" for 127.0.0.1 at 2012-08-13 18:10:06 +0530
Processing by UsersController#index as HTML
  [1m[35mUser Load (0.0ms)[0m  SELECT "users".* FROM "users" LIMIT 25 OFFSET 0
  Rendered users/index.html.erb within layouts/application (15.6ms)
Completed 200 OK in 47ms (Views: 31.2ms | ActiveRecord: 0.0ms)


Started GET "/assets/application.css?body=1" for 127.0.0.1 at 2012-08-13 18:10:07 +0530
Served asset /application.css - 304 Not Modified (0ms)


Started GET "/assets/scaffolds.css?body=1" for 127.0.0.1 at 2012-08-13 18:10:07 +0530
Served asset /scaffolds.css - 304 Not Modified (0ms)


Started GET "/assets/jquery.js?body=1" for 127.0.0.1 at 2012-08-13 18:10:07 +0530
Served asset /jquery.js - 304 Not Modified (0ms)


Started GET "/assets/festivals.css?body=1" for 127.0.0.1 at 2012-08-13 18:10:07 +0530
Served asset /festivals.css - 304 Not Modified (0ms)


Started GET "/assets/users.css?body=1" for 127.0.0.1 at 2012-08-13 18:10:07 +0530
Served asset /users.css - 304 Not Modified (0ms)


Started GET "/assets/jquery_ujs.js?body=1" for 127.0.0.1 at 2012-08-13 18:10:07 +0530
Served asset /jquery_ujs.js - 304 Not Modified (0ms)


Started GET "/assets/festivals.js?body=1" for 127.0.0.1 at 2012-08-13 18:10:07 +0530
Served asset /festivals.js - 304 Not Modified (0ms)


Started GET "/assets/users.js?body=1" for 127.0.0.1 at 2012-08-13 18:10:07 +0530
Served asset /users.js - 304 Not Modified (0ms)


Started GET "/assets/application.js?body=1" for 127.0.0.1 at 2012-08-13 18:10:07 +0530
Served asset /application.js - 304 Not Modified (0ms)


Started DELETE "/users/6" for 127.0.0.1 at 2012-08-13 18:10:10 +0530
Processing by UsersController#destroy as HTML
  Parameters: {"authenticity_token"=>"UvtWZyzPbq/YOdvTawy7UASfeBMXLmouQCMfXb0H3DE=", "id"=>"6"}
  [1m[36mUser Load (15.6ms)[0m  [1mSELECT "users".* FROM "users" WHERE "users"."id" = ? LIMIT 1[0m  [["id", "6"]]
  [1m[35m (0.0ms)[0m  begin transaction
  [1m[36mSQL (109.4ms)[0m  [1mDELETE FROM "users" WHERE "users"."id" = ?[0m  [["id", 6]]
  [1m[35m (109.4ms)[0m  commit transaction
Redirected to http://localhost:3000/users
Completed 302 Found in 250ms (ActiveRecord: 234.4ms)


Started GET "/users" for 127.0.0.1 at 2012-08-13 18:10:10 +0530
Processing by UsersController#index as HTML
  [1m[36mUser Load (0.0ms)[0m  [1mSELECT "users".* FROM "users" LIMIT 25 OFFSET 0[0m
  Rendered users/index.html.erb within layouts/application (15.6ms)
Completed 200 OK in 47ms (Views: 46.9ms | ActiveRecord: 0.0ms)


Started GET "/assets/application.css?body=1" for 127.0.0.1 at 2012-08-13 18:10:10 +0530
Served asset /application.css - 304 Not Modified (0ms)


Started GET "/assets/festivals.css?body=1" for 127.0.0.1 at 2012-08-13 18:10:11 +0530
Served asset /festivals.css - 304 Not Modified (0ms)


Started GET "/assets/users.css?body=1" for 127.0.0.1 at 2012-08-13 18:10:11 +0530
Served asset /users.css - 304 Not Modified (0ms)


Started GET "/assets/scaffolds.css?body=1" for 127.0.0.1 at 2012-08-13 18:10:11 +0530
Served asset /scaffolds.css - 304 Not Modified (0ms)


Started GET "/assets/jquery_ujs.js?body=1" for 127.0.0.1 at 2012-08-13 18:10:11 +0530
Served asset /jquery_ujs.js - 304 Not Modified (0ms)


Started GET "/assets/jquery.js?body=1" for 127.0.0.1 at 2012-08-13 18:10:11 +0530
Served asset /jquery.js - 304 Not Modified (0ms)


Started GET "/assets/festivals.js?body=1" for 127.0.0.1 at 2012-08-13 18:10:11 +0530
Served asset /festivals.js - 304 Not Modified (0ms)


Started GET "/assets/users.js?body=1" for 127.0.0.1 at 2012-08-13 18:10:11 +0530
Served asset /users.js - 304 Not Modified (0ms)


Started GET "/assets/application.js?body=1" for 127.0.0.1 at 2012-08-13 18:10:11 +0530
Served asset /application.js - 304 Not Modified (15ms)


Started DELETE "/users/5" for 127.0.0.1 at 2012-08-13 18:10:14 +0530
Processing by UsersController#destroy as HTML
  Parameters: {"authenticity_token"=>"UvtWZyzPbq/YOdvTawy7UASfeBMXLmouQCMfXb0H3DE=", "id"=>"5"}
  [1m[35mUser Load (0.0ms)[0m  SELECT "users".* FROM "users" WHERE "users"."id" = ? LIMIT 1  [["id", "5"]]
  [1m[36m (0.0ms)[0m  [1mbegin transaction[0m
  [1m[35mSQL (0.0ms)[0m  DELETE FROM "users" WHERE "users"."id" = ?  [["id", 5]]
  [1m[36m (187.5ms)[0m  [1mcommit transaction[0m
Redirected to http://localhost:3000/users
Completed 302 Found in 187ms (ActiveRecord: 187.5ms)


Started GET "/users" for 127.0.0.1 at 2012-08-13 18:10:14 +0530
Processing by UsersController#index as HTML
  [1m[35mUser Load (0.0ms)[0m  SELECT "users".* FROM "users" LIMIT 25 OFFSET 0
  Rendered users/index.html.erb within layouts/application (0.0ms)
Completed 200 OK in 31ms (Views: 31.2ms | ActiveRecord: 0.0ms)


Started GET "/assets/application.css?body=1" for 127.0.0.1 at 2012-08-13 18:10:14 +0530
Served asset /application.css - 304 Not Modified (0ms)


Started GET "/assets/scaffolds.css?body=1" for 127.0.0.1 at 2012-08-13 18:10:14 +0530
Served asset /scaffolds.css - 304 Not Modified (0ms)


Started GET "/assets/jquery.js?body=1" for 127.0.0.1 at 2012-08-13 18:10:14 +0530
Served asset /jquery.js - 304 Not Modified (0ms)


Started GET "/assets/festivals.css?body=1" for 127.0.0.1 at 2012-08-13 18:10:14 +0530
Served asset /festivals.css - 304 Not Modified (15ms)


Started GET "/assets/users.css?body=1" for 127.0.0.1 at 2012-08-13 18:10:14 +0530
Served asset /users.css - 304 Not Modified (0ms)


Started GET "/assets/jquery_ujs.js?body=1" for 127.0.0.1 at 2012-08-13 18:10:15 +0530
Served asset /jquery_ujs.js - 304 Not Modified (0ms)


Started GET "/assets/festivals.js?body=1" for 127.0.0.1 at 2012-08-13 18:10:15 +0530
Served asset /festivals.js - 304 Not Modified (0ms)


Started GET "/assets/users.js?body=1" for 127.0.0.1 at 2012-08-13 18:10:15 +0530
Served asset /users.js - 304 Not Modified (0ms)


Started GET "/assets/application.js?body=1" for 127.0.0.1 at 2012-08-13 18:10:15 +0530
Served asset /application.js - 304 Not Modified (0ms)


Started DELETE "/users/4" for 127.0.0.1 at 2012-08-13 18:11:50 +0530
Processing by UsersController#destroy as HTML
  Parameters: {"authenticity_token"=>"UvtWZyzPbq/YOdvTawy7UASfeBMXLmouQCMfXb0H3DE=", "id"=>"4"}
  [1m[36mUser Load (0.0ms)[0m  [1mSELECT "users".* FROM "users" WHERE "users"."id" = ? LIMIT 1[0m  [["id", "4"]]
  [1m[35m (0.0ms)[0m  begin transaction
  [1m[36mSQL (0.0ms)[0m  [1mDELETE FROM "users" WHERE "users"."id" = ?[0m  [["id", 4]]
  [1m[35m (109.4ms)[0m  commit transaction
Redirected to http://localhost:3000/users
Completed 302 Found in 109ms (ActiveRecord: 109.4ms)


Started GET "/users" for 127.0.0.1 at 2012-08-13 18:11:50 +0530
Processing by UsersController#index as HTML
  [1m[36mUser Load (0.0ms)[0m  [1mSELECT "users".* FROM "users" LIMIT 25 OFFSET 0[0m
  Rendered users/index.html.erb within layouts/application (0.0ms)
Completed 200 OK in 31ms (Views: 31.2ms | ActiveRecord: 0.0ms)


Started GET "/assets/application.css?body=1" for 127.0.0.1 at 2012-08-13 18:11:50 +0530
Served asset /application.css - 304 Not Modified (0ms)


Started GET "/assets/jquery.js?body=1" for 127.0.0.1 at 2012-08-13 18:11:50 +0530
Served asset /jquery.js - 304 Not Modified (0ms)


Started GET "/assets/jquery_ujs.js?body=1" for 127.0.0.1 at 2012-08-13 18:11:50 +0530
Served asset /jquery_ujs.js - 304 Not Modified (0ms)


Started GET "/assets/festivals.js?body=1" for 127.0.0.1 at 2012-08-13 18:11:50 +0530
Served asset /festivals.js - 304 Not Modified (0ms)


Started GET "/assets/festivals.css?body=1" for 127.0.0.1 at 2012-08-13 18:11:51 +0530
Served asset /festivals.css - 304 Not Modified (0ms)


Started GET "/assets/users.css?body=1" for 127.0.0.1 at 2012-08-13 18:11:51 +0530
Served asset /users.css - 304 Not Modified (0ms)


Started GET "/assets/scaffolds.css?body=1" for 127.0.0.1 at 2012-08-13 18:11:51 +0530
Served asset /scaffolds.css - 304 Not Modified (0ms)


Started GET "/assets/users.js?body=1" for 127.0.0.1 at 2012-08-13 18:11:51 +0530
Served asset /users.js - 304 Not Modified (0ms)


Started GET "/assets/application.js?body=1" for 127.0.0.1 at 2012-08-13 18:11:51 +0530
Served asset /application.js - 304 Not Modified (0ms)


Started DELETE "/users/3" for 127.0.0.1 at 2012-08-13 18:11:53 +0530
Processing by UsersController#destroy as HTML
  Parameters: {"authenticity_token"=>"UvtWZyzPbq/YOdvTawy7UASfeBMXLmouQCMfXb0H3DE=", "id"=>"3"}
  [1m[35mUser Load (0.0ms)[0m  SELECT "users".* FROM "users" WHERE "users"."id" = ? LIMIT 1  [["id", "3"]]
  [1m[36m (0.0ms)[0m  [1mbegin transaction[0m
  [1m[35mSQL (0.0ms)[0m  DELETE FROM "users" WHERE "users"."id" = ?  [["id", 3]]
  [1m[36m (140.6ms)[0m  [1mcommit transaction[0m
Redirected to http://localhost:3000/users
Completed 302 Found in 141ms (ActiveRecord: 140.6ms)


Started GET "/users" for 127.0.0.1 at 2012-08-13 18:11:53 +0530
Processing by UsersController#index as HTML
  [1m[35mUser Load (0.0ms)[0m  SELECT "users".* FROM "users" LIMIT 25 OFFSET 0
  Rendered users/index.html.erb within layouts/application (0.0ms)
Completed 200 OK in 16ms (Views: 15.6ms | ActiveRecord: 0.0ms)


Started GET "/assets/application.css?body=1" for 127.0.0.1 at 2012-08-13 18:11:53 +0530
Served asset /application.css - 304 Not Modified (0ms)


Started GET "/assets/scaffolds.css?body=1" for 127.0.0.1 at 2012-08-13 18:11:53 +0530
Served asset /scaffolds.css - 304 Not Modified (0ms)


Started GET "/assets/festivals.css?body=1" for 127.0.0.1 at 2012-08-13 18:11:53 +0530
Served asset /festivals.css - 304 Not Modified (0ms)


Started GET "/assets/jquery.js?body=1" for 127.0.0.1 at 2012-08-13 18:11:53 +0530
Served asset /jquery.js - 304 Not Modified (0ms)


Started GET "/assets/users.css?body=1" for 127.0.0.1 at 2012-08-13 18:11:54 +0530
Served asset /users.css - 304 Not Modified (0ms)


Started GET "/assets/jquery_ujs.js?body=1" for 127.0.0.1 at 2012-08-13 18:11:54 +0530
Served asset /jquery_ujs.js - 304 Not Modified (0ms)


Started GET "/assets/festivals.js?body=1" for 127.0.0.1 at 2012-08-13 18:11:54 +0530
Served asset /festivals.js - 304 Not Modified (0ms)


Started GET "/assets/users.js?body=1" for 127.0.0.1 at 2012-08-13 18:11:54 +0530
Served asset /users.js - 304 Not Modified (0ms)


Started GET "/assets/application.js?body=1" for 127.0.0.1 at 2012-08-13 18:11:54 +0530
Served asset /application.js - 304 Not Modified (0ms)


Started DELETE "/users/2" for 127.0.0.1 at 2012-08-13 18:11:56 +0530
Processing by UsersController#destroy as HTML
  Parameters: {"authenticity_token"=>"UvtWZyzPbq/YOdvTawy7UASfeBMXLmouQCMfXb0H3DE=", "id"=>"2"}
  [1m[36mUser Load (0.0ms)[0m  [1mSELECT "users".* FROM "users" WHERE "users"."id" = ? LIMIT 1[0m  [["id", "2"]]
  [1m[35m (0.0ms)[0m  begin transaction
  [1m[36mSQL (0.0ms)[0m  [1mDELETE FROM "users" WHERE "users"."id" = ?[0m  [["id", 2]]
  [1m[35m (109.4ms)[0m  commit transaction
Redirected to http://localhost:3000/users
Completed 302 Found in 109ms (ActiveRecord: 109.4ms)


Started GET "/users" for 127.0.0.1 at 2012-08-13 18:11:56 +0530
Processing by UsersController#index as HTML
  [1m[36mUser Load (0.0ms)[0m  [1mSELECT "users".* FROM "users" LIMIT 25 OFFSET 0[0m
  Rendered users/index.html.erb within layouts/application (0.0ms)
Completed 200 OK in 16ms (Views: 15.6ms | ActiveRecord: 0.0ms)


Started GET "/assets/application.css?body=1" for 127.0.0.1 at 2012-08-13 18:11:56 +0530
Served asset /application.css - 304 Not Modified (0ms)


Started GET "/assets/festivals.css?body=1" for 127.0.0.1 at 2012-08-13 18:11:56 +0530
Served asset /festivals.css - 304 Not Modified (0ms)


Started GET "/assets/users.css?body=1" for 127.0.0.1 at 2012-08-13 18:11:56 +0530
Served asset /users.css - 304 Not Modified (0ms)


Started GET "/assets/scaffolds.css?body=1" for 127.0.0.1 at 2012-08-13 18:11:56 +0530
Served asset /scaffolds.css - 304 Not Modified (0ms)


Started GET "/assets/jquery.js?body=1" for 127.0.0.1 at 2012-08-13 18:11:56 +0530
Served asset /jquery.js - 304 Not Modified (0ms)


Started GET "/assets/jquery_ujs.js?body=1" for 127.0.0.1 at 2012-08-13 18:11:57 +0530
Served asset /jquery_ujs.js - 304 Not Modified (0ms)


Started GET "/assets/users.js?body=1" for 127.0.0.1 at 2012-08-13 18:11:57 +0530
Served asset /users.js - 304 Not Modified (0ms)


Started GET "/assets/festivals.js?body=1" for 127.0.0.1 at 2012-08-13 18:11:57 +0530
Served asset /festivals.js - 304 Not Modified (0ms)


Started GET "/assets/application.js?body=1" for 127.0.0.1 at 2012-08-13 18:11:57 +0530
Served asset /application.js - 304 Not Modified (0ms)


Started POST "/users/saveUser" for 127.0.0.1 at 2012-08-13 18:12:05 +0530
Processing by UsersController#saveUser as */*
  Parameters: {"id"=>"", "username"=>"dfgfdg", "password"=>"[FILTERED]", "email"=>"fdgfdg"}
WARNING: Can't verify CSRF token authenticity
  [1m[35m (281.2ms)[0m  INSERT INTO users (username,password,email,created_at,updated_at) VALUES ('dfgfdg', 'fdgfdg', 'fdgfdg',current_date,current_date)
Completed 200 OK in 281ms (Views: 0.0ms | ActiveRecord: 281.2ms)


Started GET "/users" for 127.0.0.1 at 2012-08-13 18:12:12 +0530
Processing by UsersController#index as HTML
  [1m[36mUser Load (0.0ms)[0m  [1mSELECT "users".* FROM "users" LIMIT 25 OFFSET 0[0m
  Rendered users/index.html.erb within layouts/application (78.1ms)
Completed 200 OK in 109ms (Views: 109.4ms | ActiveRecord: 0.0ms)


Started GET "/assets/festivals.css?body=1" for 127.0.0.1 at 2012-08-13 18:12:13 +0530
Served asset /festivals.css - 304 Not Modified (0ms)


Started GET "/assets/application.css?body=1" for 127.0.0.1 at 2012-08-13 18:12:13 +0530
Served asset /application.css - 304 Not Modified (0ms)


Started GET "/assets/users.css?body=1" for 127.0.0.1 at 2012-08-13 18:12:13 +0530
Served asset /users.css - 304 Not Modified (0ms)


Started GET "/assets/jquery.js?body=1" for 127.0.0.1 at 2012-08-13 18:12:13 +0530
Served asset /jquery.js - 304 Not Modified (0ms)


Started GET "/assets/scaffolds.css?body=1" for 127.0.0.1 at 2012-08-13 18:12:13 +0530
Served asset /scaffolds.css - 304 Not Modified (0ms)


Started GET "/assets/jquery_ujs.js?body=1" for 127.0.0.1 at 2012-08-13 18:12:13 +0530
Served asset /jquery_ujs.js - 304 Not Modified (0ms)


Started GET "/assets/festivals.js?body=1" for 127.0.0.1 at 2012-08-13 18:12:13 +0530
Served asset /festivals.js - 304 Not Modified (15ms)


Started GET "/assets/users.js?body=1" for 127.0.0.1 at 2012-08-13 18:12:13 +0530
Served asset /users.js - 304 Not Modified (0ms)


Started GET "/assets/application.js?body=1" for 127.0.0.1 at 2012-08-13 18:12:13 +0530
Served asset /application.js - 304 Not Modified (0ms)


Started GET "/users.json?_dc=1344861825768&page=1&start=0&limit=5&callback=Ext.data.JsonP.callback4" for 127.0.0.1 at 2012-08-13 18:13:46 +0530
Processing by UsersController#index as JSON
  Parameters: {"_dc"=>"1344861825768", "page"=>"1", "start"=>"0", "limit"=>"5", "callback"=>"Ext.data.JsonP.callback4"}
  [1m[35mUser Load (0.0ms)[0m  SELECT "users".* FROM "users" LIMIT 5 OFFSET 0
Completed 200 OK in 344ms (Views: 343.7ms | ActiveRecord: 0.0ms)


Started POST "/users/saveUser" for 127.0.0.1 at 2012-08-13 18:14:01 +0530
Processing by UsersController#saveUser as */*
  Parameters: {"id"=>"7", "username"=>"asdasdasd", "password"=>"[FILTERED]", "email"=>"fdgfdg"}
WARNING: Can't verify CSRF token authenticity
  [1m[36mUser Load (0.0ms)[0m  [1mSELECT "users".* FROM "users" WHERE "users"."id" = ? LIMIT 1[0m  [["id", "7"]]
  [1m[35m (0.0ms)[0m  begin transaction
  [1m[36m (15.6ms)[0m  [1mUPDATE "users" SET "username" = 'asdasdasd', "updated_at" = '2012-08-13 12:44:01.031398' WHERE "users"."id" = 7[0m
  [1m[35m (109.4ms)[0m  commit transaction
Completed 200 OK in 141ms (Views: 15.6ms | ActiveRecord: 125.0ms)


Started GET "/users.json?_dc=1344861841183&page=1&start=0&limit=5&callback=Ext.data.JsonP.callback5" for 127.0.0.1 at 2012-08-13 18:14:01 +0530
Processing by UsersController#index as JSON
  Parameters: {"_dc"=>"1344861841183", "page"=>"1", "start"=>"0", "limit"=>"5", "callback"=>"Ext.data.JsonP.callback5"}
  [1m[36mUser Load (0.0ms)[0m  [1mSELECT "users".* FROM "users" LIMIT 5 OFFSET 0[0m
Completed 200 OK in 0ms (Views: 0.0ms | ActiveRecord: 0.0ms)


Started POST "/users/saveUser" for 127.0.0.1 at 2012-08-13 18:14:14 +0530
Processing by UsersController#saveUser as */*
  Parameters: {"id"=>"7", "username"=>"sdsdsdsdsd", "password"=>"[FILTERED]", "email"=>"fdgfdg"}
WARNING: Can't verify CSRF token authenticity
  [1m[35mUser Load (0.0ms)[0m  SELECT "users".* FROM "users" WHERE "users"."id" = ? LIMIT 1  [["id", "7"]]
  [1m[36m (0.0ms)[0m  [1mbegin transaction[0m
  [1m[35m (0.0ms)[0m  UPDATE "users" SET "username" = 'sdsdsdsdsd', "updated_at" = '2012-08-13 12:44:14.062398' WHERE "users"."id" = 7
  [1m[36m (109.4ms)[0m  [1mcommit transaction[0m
Completed 200 OK in 109ms (Views: 0.0ms | ActiveRecord: 109.4ms)


Started GET "/users.json?_dc=1344861854186&page=1&start=0&limit=5&callback=Ext.data.JsonP.callback6" for 127.0.0.1 at 2012-08-13 18:14:14 +0530
Processing by UsersController#index as JSON
  Parameters: {"_dc"=>"1344861854186", "page"=>"1", "start"=>"0", "limit"=>"5", "callback"=>"Ext.data.JsonP.callback6"}
  [1m[35mUser Load (0.0ms)[0m  SELECT "users".* FROM "users" LIMIT 5 OFFSET 0
Completed 200 OK in 16ms (Views: 15.6ms | ActiveRecord: 0.0ms)
